#
# A fatal error has been detected by the Java Runtime Environment:
#
#  SIGSEGV (0xb) at pc=0x000000012d9794ee, pid=79351, tid=259
#
# JRE version: OpenJDK Runtime Environment (17.0.1+12) (build 17.0.1+12-39)
# Java VM: OpenJDK 64-Bit Server VM (17.0.1+12-39, mixed mode, sharing, tiered, compressed oops, compressed class ptrs, g1 gc, bsd-amd64)
# Problematic frame:
# C  [libglass.dylib+0x14ee]  -[GlassWindow(Overrides) windowDidResignKey:]+0xde
#
# No core dump will be written. Core dumps have been disabled. To enable core dumping, try "ulimit -c unlimited" before starting Java again
#
# If you would like to submit a bug report, please visit:
#   https://bugreport.java.com/bugreport/crash.jsp
#

---------------  S U M M A R Y ------------

Command Line: -Djava.library.path=/Users/tino/javafx-sdk-19/lib -javaagent:/Applications/IntelliJ IDEA.app/Contents/lib/idea_rt.jar=55468:/Applications/IntelliJ IDEA.app/Contents/bin -Dfile.encoding=UTF-8 --module-path=/Users/tino/.m2/repository/org/openjfx/javafx-controls/17.0.1/javafx-controls-17.0.1-mac.jar:/Users/tino/.m2/repository/org/openjfx/javafx-base/17.0.1/javafx-base-17.0.1-mac.jar:/Users/tino/Local Files/demo2/target/classes:/Users/tino/.m2/repository/org/openjfx/javafx-fxml/17.0.1/javafx-fxml-17.0.1-mac.jar:/Users/tino/.m2/repository/org/openjfx/javafx-graphics/17.0.1/javafx-graphics-17.0.1-mac.jar -Djdk.module.main=com.example.demo2 com.example.demo2/com.example.demo2.myMandelbrot

Host: "MacBookAir10,1" x86_64 (EMULATED) 2400 MHz, 8 cores, 8G, Darwin 22.1.0, macOS 13.0 (22A380)
Time: Fri Dec 16 22:46:09 2022 CET elapsed time: 7.818979 seconds (0d 0h 0m 7s)

---------------  T H R E A D  ---------------

Current thread is native thread

Stack: [0x000000030883a000,0x000000030903a000],  sp=0x0000000309035e00,  free space=8175k
Native frames: (J=compiled Java code, j=interpreted, Vv=VM code, C=native code)
C  [libglass.dylib+0x14ee]  -[GlassWindow(Overrides) windowDidResignKey:]+0xde
C  [CoreFoundation+0x746e6]  __CFNOTIFICATIONCENTER_IS_CALLING_OUT_TO_AN_OBSERVER__+0x89
C  [CoreFoundation+0x10dccc]  ___CFXRegistrationPost_block_invoke+0x56
C  [CoreFoundation+0x10dc23]  _CFXRegistrationPost+0x216
C  [CoreFoundation+0x47e61]  _CFXNotificationPost+0x329
C  [Foundation+0x9f2c]  -[NSNotificationCenter postNotificationName:object:userInfo:]+0x52
C  [AppKit+0x1da8dd]  -[NSWindow resignKeyWindow]+0x2f6
C  [AppKit+0x987f66]  -[NSWindow _orderOut:calculatingKeyWithOptions:documentWindow:]+0x13f
C  [AppKit+0x8a1c2]  NSPerformVisuallyAtomicChange+0x84
C  [AppKit+0x98a008]  -[NSWindow _reallyDoOrderWindowOutRelativeTo:]+0x27a
C  [AppKit+0x98a413]  -[NSWindow _reallyDoOrderWindow:]+0x63
C  [AppKit+0x98a689]  -[NSWindow _doOrderWindow:]+0x127
C  [AppKit+0x985503]  -[NSWindow _finishClosingWindow]+0x132
C  [AppKit+0x3432b7]  -[NSWindow _close]+0x150
C  [libglass.dylib+0x1987f]  -[GlassWindow_Normal close]+0x4f
C  [Foundation+0x7f420]  __NSThreadPerformPerform+0xb1
C  [CoreFoundation+0x7eef1]  __CFRUNLOOP_IS_CALLING_OUT_TO_A_SOURCE0_PERFORM_FUNCTION__+0x11
C  [CoreFoundation+0x7eea0]  __CFRunLoopDoSource0+0x9d
C  [CoreFoundation+0x7ecce]  __CFRunLoopDoSources0+0x134
C  [CoreFoundation+0x7d8c8]  __CFRunLoopRun+0x3af
C  [CoreFoundation+0x7ce9f]  CFRunLoopRunSpecific+0x230
C  [libjli.dylib+0x70b2]  CreateExecutionEnvironment+0x182
C  [libjli.dylib+0x2c15]  JLI_Launch+0x585
C  [java+0x3c01]  main+0x191
C  0x000000020290a310


siginfo: si_signo: 11 (SIGSEGV), si_code: 1 (SEGV_MAPERR), si_addr: 0x0000000000000000

Registers:
RAX=0x0000000000000103, RBX=0x0000000000000019, RCX=0x0000000000000000, RDX=0x000000000064dc00
RSP=0x0000000309035e00, RBP=0x0000000309036230, RSI=0x000000010ac5e200, RDI=0x0000000000000000
R8 =0x0000000000000000, R9 =0x0000000000001400, R10=0x000000000000800a, R11=0x0000000000003fff
R12=0x000000012d9b9de0, R13=0x00007fdf02a09c00, R14=0x00006000013d8900, R15=0x0000000000000019
RIP=0x000000012d9794ee, EFLAGS=0x0000000000000202, ERR=0x0000000000000004
  TRAPNO=0x000000000000000e

Top of Stack: (sp=0x0000000309035e00)
0x0000000309035e00:   000000012d9794ab 00007ff817c936e6
0x0000000309035e10:   00007ff817d2cccc 00007ff817d2cc23
0x0000000309035e20:   00007ff817c66e61 00007ff8189d9f2c
0x0000000309035e30:   00007ff81ae958dd 00007ff81b642f66
0x0000000309035e40:   00007ff81ad451c2 00007ff81b645008
0x0000000309035e50:   00007ff81b645413 00007ff81b645689
0x0000000309035e60:   00007ff81b640503 00007ff81affe2b7
0x0000000309035e70:   000000012d99187f 00007ff818a4f420
0x0000000309035e80:   00007ff817c9def1 00007ff817c9dea0
0x0000000309035e90:   00007ff817c9dcce 00007ff817c9c8c8
0x0000000309035ea0:   00007ff817c9be9f 000000010ac1d0b2
0x0000000309035eb0:   000000010ac18c15 0000000102641c01
0x0000000309035ec0:   000000020290a310 0000000000000000
0x0000000309035ed0:   c1ac21c99e8200f8 0000600002162780
0x0000000309035ee0:   0000000000000029 0000000000000029
0x0000000309035ef0:   0000600002fb9fb0 0000600002162780
0x0000000309035f00:   0000000309035f30 00007ff817c282a0
0x0000000309035f10:   00007ff85ab03cf8 0000000000000000
0x0000000309035f20:   0000000000000029 0000600002162780
0x0000000309035f30:   c1ac21c99e8200f8 00007ff8178775ef
0x0000000309035f40:   00007fdf02727370 00007fdf02727370
0x0000000309035f50:   00006000005dfaf8 00007ff8358bde74
0x0000000309035f60:   0000000309035f80 00007ff81785c836
0x0000000309035f70:   00007ff81ffe8cdc 0000600002162780
0x0000000309035f80:   00000003090360e0 00007ff81ffe8cdc
0x0000000309035f90:   00007fdf1280b488 0000600000af49a8
0x0000000309035fa0:   0000600000af49a0 00007ff8178571c0
0x0000000309035fb0:   2d36622d38317b30 2d302d302d302d30
0x0000000309035fc0:   2d302d302d302d30 00007d302d302d31
0x0000000309035fd0:   0000000000000000 0000000000000000
0x0000000309035fe0:   0000000000000000 0000000000000000
0x0000000309035ff0:   0000000000000000 0000000000000000 

Instructions: (pc=0x000000012d9794ee)
0x000000012d9793ee:   48 8b 05 33 6d 03 00 48 8b 00 48 3b 45 d0 0f 84
0x000000012d9793fe:   1f ff ff ff e8 ab b9 02 00 66 0f 1f 84 00 00 00
0x000000012d97940e:   00 00 55 48 89 e5 41 57 41 56 41 55 41 54 53 48
0x000000012d97941e:   81 ec 08 04 00 00 48 8b 05 fd 6c 03 00 48 8b 00
0x000000012d97942e:   48 89 45 d0 48 8d 05 c7 fd 03 00 48 8b 00 48 83
0x000000012d97943e:   3c 07 00 0f 85 cf 00 00 00 49 89 fe 48 8b 35 3f
0x000000012d97944e:   e6 03 00 ff 15 21 6d 03 00 4c 8d 25 82 09 04 00
0x000000012d97945e:   49 8b 3c 24 48 85 ff 0f 85 83 00 00 00 48 8b 05
0x000000012d97946e:   be 6c 03 00 48 8b 38 48 8d 35 8f 09 03 00 48 8d
0x000000012d97947e:   15 85 0a 03 00 48 8d 0d 02 0a 03 00 41 b8 60 00
0x000000012d97948e:   00 00 31 c0 e8 69 b9 02 00 48 8d 9d d0 fb ff ff
0x000000012d97949e:   48 89 df be 80 00 00 00 e8 1f b9 02 00 41 89 c7
0x000000012d9794ae:   48 89 df 89 c6 e8 18 b9 02 00 49 89 c5 45 85 ff
0x000000012d9794be:   7e 22 45 89 ff 31 db 66 2e 0f 1f 84 00 00 00 00
0x000000012d9794ce:   00 90 49 8b 7c dd 00 e8 d0 ba 02 00 48 ff c3 49
0x000000012d9794de:   39 df 75 ee 4c 89 ef e8 22 b9 02 00 49 8b 3c 24
0x000000012d9794ee:   48 8b 1f 48 8d 05 d8 fc 03 00 48 8b 00 49 8b 34
0x000000012d9794fe:   06 48 8d 05 5a 09 04 00 48 8b 10 b9 1d 02 00 00
0x000000012d97950e:   31 c0 ff 93 e8 01 00 00 48 8b 05 0b 6c 03 00 48
0x000000012d97951e:   8b 00 48 3b 45 d0 75 12 48 81 c4 08 04 00 00 5b
0x000000012d97952e:   41 5c 41 5d 41 5e 41 5f 5d c3 e8 75 b8 02 00 0f
0x000000012d97953e:   1f 00 55 48 89 e5 41 57 41 56 41 55 41 54 53 50
0x000000012d97954e:   48 89 fb 48 8d 05 80 fc 03 00 4c 8b 20 4a 8b 3c
0x000000012d97955e:   27 4c 8b 35 32 e5 03 00 4c 89 f6 ff 15 09 6c 03
0x000000012d97956e:   00 48 85 c0 74 22 4a 8b 3c 23 4c 8b 3d f9 6b 03
0x000000012d97957e:   00 4c 89 f6 41 ff d7 4a 8b 14 23 48 8b 35 10 e5
0x000000012d97958e:   03 00 48 89 c7 41 ff d7 48 89 5d d0 4a 8b 3c 23
0x000000012d97959e:   48 8b 35 03 e5 03 00 4c 8b 3d cc 6b 03 00 41 ff
0x000000012d9795ae:   d7 48 89 c3 48 8b 35 f7 e4 03 00 48 89 c7 41 ff
0x000000012d9795be:   d7 48 85 c0 74 46 4c 8b 25 ed e4 03 00 4c 8b 2d
0x000000012d9795ce:   ee e4 03 00 45 31 f6 66 2e 0f 1f 84 00 00 00 00
0x000000012d9795de:   00 90 48 89 df 4c 89 e6 4c 89 f2 41 ff d7 48 89 



---------------  P R O C E S S  ---------------

VM state: not at safepoint (normal execution)

VM Mutex/Monitor currently owned by a thread: None

Heap address: 0x0000000780000000, size: 2048 MB, Compressed Oops mode: Zero based, Oop shift amount: 3

CDS archive(s) mapped at: [0x0000000800000000-0x0000000800bd4000-0x0000000800bd4000), size 12402688, SharedBaseAddress: 0x0000000800000000, ArchiveRelocationMode: 0.
Compressed class space mapped at: 0x0000000800c00000-0x0000000840c00000, reserved size: 1073741824
Narrow klass base: 0x0000000800000000, Narrow klass shift: 0, Narrow klass range: 0x100000000

GC Precious Log:
<Skipped>

Heap:
 garbage-first heap   total 133120K, used 21299K [0x0000000780000000, 0x0000000800000000)
  region size 1024K, 15 young (15360K), 4 survivors (4096K)
 Metaspace       used 9051K, committed 9216K, reserved 1064960K
  class space    used 1131K, committed 1216K, reserved 1048576K

Heap Regions: E=young(eden), S=young(survivor), O=old, HS=humongous(starts), HC=humongous(continues), CS=collection set, F=free, OA=open archive, CA=closed archive, TAMS=top-at-mark-start (previous, next)
|   0|0x0000000780000000, 0x0000000780100000, 0x0000000780100000|100%|HS|  |TAMS 0x0000000780000000, 0x0000000780000000| Complete 
|   1|0x0000000780100000, 0x0000000780200000, 0x0000000780200000|100%|HC|  |TAMS 0x0000000780100000, 0x0000000780100000| Complete 
|   2|0x0000000780200000, 0x0000000780300000, 0x0000000780300000|100%|HC|  |TAMS 0x0000000780200000, 0x0000000780200000| Complete 
|   3|0x0000000780300000, 0x0000000780400000, 0x0000000780400000|100%|HC|  |TAMS 0x0000000780300000, 0x0000000780300000| Complete 
|   4|0x0000000780400000, 0x0000000780500000, 0x0000000780500000|100%|HS|  |TAMS 0x0000000780400000, 0x0000000780400000| Complete 
|   5|0x0000000780500000, 0x0000000780600000, 0x0000000780600000|100%|HC|  |TAMS 0x0000000780500000, 0x0000000780500000| Complete 
|   6|0x0000000780600000, 0x0000000780600000, 0x0000000780700000|  0%| F|  |TAMS 0x0000000780600000, 0x0000000780600000| Untracked 
|   7|0x0000000780700000, 0x0000000780700000, 0x0000000780800000|  0%| F|  |TAMS 0x0000000780700000, 0x0000000780700000| Untracked 
|   8|0x0000000780800000, 0x0000000780800000, 0x0000000780900000|  0%| F|  |TAMS 0x0000000780800000, 0x0000000780800000| Untracked 
|   9|0x0000000780900000, 0x0000000780900000, 0x0000000780a00000|  0%| F|  |TAMS 0x0000000780900000, 0x0000000780900000| Untracked 
|  10|0x0000000780a00000, 0x0000000780a00000, 0x0000000780b00000|  0%| F|  |TAMS 0x0000000780a00000, 0x0000000780a00000| Untracked 
|  11|0x0000000780b00000, 0x0000000780b00000, 0x0000000780c00000|  0%| F|  |TAMS 0x0000000780b00000, 0x0000000780b00000| Untracked 
|  12|0x0000000780c00000, 0x0000000780c00000, 0x0000000780d00000|  0%| F|  |TAMS 0x0000000780c00000, 0x0000000780c00000| Untracked 
|  13|0x0000000780d00000, 0x0000000780d00000, 0x0000000780e00000|  0%| F|  |TAMS 0x0000000780d00000, 0x0000000780d00000| Untracked 
|  14|0x0000000780e00000, 0x0000000780e00000, 0x0000000780f00000|  0%| F|  |TAMS 0x0000000780e00000, 0x0000000780e00000| Untracked 
|  15|0x0000000780f00000, 0x0000000780f00000, 0x0000000781000000|  0%| F|  |TAMS 0x0000000780f00000, 0x0000000780f00000| Untracked 
|  16|0x0000000781000000, 0x0000000781000000, 0x0000000781100000|  0%| F|  |TAMS 0x0000000781000000, 0x0000000781000000| Untracked 
|  17|0x0000000781100000, 0x0000000781100000, 0x0000000781200000|  0%| F|  |TAMS 0x0000000781100000, 0x0000000781100000| Untracked 
|  18|0x0000000781200000, 0x0000000781200000, 0x0000000781300000|  0%| F|  |TAMS 0x0000000781200000, 0x0000000781200000| Untracked 
|  19|0x0000000781300000, 0x0000000781300000, 0x0000000781400000|  0%| F|  |TAMS 0x0000000781300000, 0x0000000781300000| Untracked 
|  20|0x0000000781400000, 0x0000000781400000, 0x0000000781500000|  0%| F|  |TAMS 0x0000000781400000, 0x0000000781400000| Untracked 
|  21|0x0000000781500000, 0x0000000781500000, 0x0000000781600000|  0%| F|  |TAMS 0x0000000781500000, 0x0000000781500000| Untracked 
|  22|0x0000000781600000, 0x0000000781600000, 0x0000000781700000|  0%| F|  |TAMS 0x0000000781600000, 0x0000000781600000| Untracked 
|  23|0x0000000781700000, 0x0000000781700000, 0x0000000781800000|  0%| F|  |TAMS 0x0000000781700000, 0x0000000781700000| Untracked 
|  24|0x0000000781800000, 0x0000000781800000, 0x0000000781900000|  0%| F|  |TAMS 0x0000000781800000, 0x0000000781800000| Untracked 
|  25|0x0000000781900000, 0x0000000781900000, 0x0000000781a00000|  0%| F|  |TAMS 0x0000000781900000, 0x0000000781900000| Untracked 
|  26|0x0000000781a00000, 0x0000000781a00000, 0x0000000781b00000|  0%| F|  |TAMS 0x0000000781a00000, 0x0000000781a00000| Untracked 
|  27|0x0000000781b00000, 0x0000000781b00000, 0x0000000781c00000|  0%| F|  |TAMS 0x0000000781b00000, 0x0000000781b00000| Untracked 
|  28|0x0000000781c00000, 0x0000000781c00000, 0x0000000781d00000|  0%| F|  |TAMS 0x0000000781c00000, 0x0000000781c00000| Untracked 
|  29|0x0000000781d00000, 0x0000000781d00000, 0x0000000781e00000|  0%| F|  |TAMS 0x0000000781d00000, 0x0000000781d00000| Untracked 
|  30|0x0000000781e00000, 0x0000000781e00000, 0x0000000781f00000|  0%| F|  |TAMS 0x0000000781e00000, 0x0000000781e00000| Untracked 
|  31|0x0000000781f00000, 0x0000000781f00000, 0x0000000782000000|  0%| F|  |TAMS 0x0000000781f00000, 0x0000000781f00000| Untracked 
|  32|0x0000000782000000, 0x0000000782000000, 0x0000000782100000|  0%| F|  |TAMS 0x0000000782000000, 0x0000000782000000| Untracked 
|  33|0x0000000782100000, 0x0000000782100000, 0x0000000782200000|  0%| F|  |TAMS 0x0000000782100000, 0x0000000782100000| Untracked 
|  34|0x0000000782200000, 0x0000000782200000, 0x0000000782300000|  0%| F|  |TAMS 0x0000000782200000, 0x0000000782200000| Untracked 
|  35|0x0000000782300000, 0x0000000782300000, 0x0000000782400000|  0%| F|  |TAMS 0x0000000782300000, 0x0000000782300000| Untracked 
|  36|0x0000000782400000, 0x0000000782400000, 0x0000000782500000|  0%| F|  |TAMS 0x0000000782400000, 0x0000000782400000| Untracked 
|  37|0x0000000782500000, 0x0000000782500000, 0x0000000782600000|  0%| F|  |TAMS 0x0000000782500000, 0x0000000782500000| Untracked 
|  38|0x0000000782600000, 0x0000000782600000, 0x0000000782700000|  0%| F|  |TAMS 0x0000000782600000, 0x0000000782600000| Untracked 
|  39|0x0000000782700000, 0x0000000782700000, 0x0000000782800000|  0%| F|  |TAMS 0x0000000782700000, 0x0000000782700000| Untracked 
|  40|0x0000000782800000, 0x0000000782800000, 0x0000000782900000|  0%| F|  |TAMS 0x0000000782800000, 0x0000000782800000| Untracked 
|  41|0x0000000782900000, 0x0000000782900000, 0x0000000782a00000|  0%| F|  |TAMS 0x0000000782900000, 0x0000000782900000| Untracked 
|  42|0x0000000782a00000, 0x0000000782a00000, 0x0000000782b00000|  0%| F|  |TAMS 0x0000000782a00000, 0x0000000782a00000| Untracked 
|  43|0x0000000782b00000, 0x0000000782b00000, 0x0000000782c00000|  0%| F|  |TAMS 0x0000000782b00000, 0x0000000782b00000| Untracked 
|  44|0x0000000782c00000, 0x0000000782c00000, 0x0000000782d00000|  0%| F|  |TAMS 0x0000000782c00000, 0x0000000782c00000| Untracked 
|  45|0x0000000782d00000, 0x0000000782d00000, 0x0000000782e00000|  0%| F|  |TAMS 0x0000000782d00000, 0x0000000782d00000| Untracked 
|  46|0x0000000782e00000, 0x0000000782e00000, 0x0000000782f00000|  0%| F|  |TAMS 0x0000000782e00000, 0x0000000782e00000| Untracked 
|  47|0x0000000782f00000, 0x0000000782f00000, 0x0000000783000000|  0%| F|  |TAMS 0x0000000782f00000, 0x0000000782f00000| Untracked 
|  48|0x0000000783000000, 0x0000000783000000, 0x0000000783100000|  0%| F|  |TAMS 0x0000000783000000, 0x0000000783000000| Untracked 
|  49|0x0000000783100000, 0x0000000783100000, 0x0000000783200000|  0%| F|  |TAMS 0x0000000783100000, 0x0000000783100000| Untracked 
|  50|0x0000000783200000, 0x0000000783200000, 0x0000000783300000|  0%| F|  |TAMS 0x0000000783200000, 0x0000000783200000| Untracked 
|  51|0x0000000783300000, 0x0000000783300000, 0x0000000783400000|  0%| F|  |TAMS 0x0000000783300000, 0x0000000783300000| Untracked 
|  52|0x0000000783400000, 0x00000007834575d0, 0x0000000783500000| 34%| S|CS|TAMS 0x0000000783400000, 0x0000000783400000| Complete 
|  53|0x0000000783500000, 0x0000000783600000, 0x0000000783600000|100%| S|CS|TAMS 0x0000000783500000, 0x0000000783500000| Complete 
|  54|0x0000000783600000, 0x0000000783700000, 0x0000000783700000|100%| S|CS|TAMS 0x0000000783600000, 0x0000000783600000| Complete 
|  55|0x0000000783700000, 0x0000000783800000, 0x0000000783800000|100%| S|CS|TAMS 0x0000000783700000, 0x0000000783700000| Complete 
|  56|0x0000000783800000, 0x0000000783800000, 0x0000000783900000|  0%| F|  |TAMS 0x0000000783800000, 0x0000000783800000| Untracked 
|  57|0x0000000783900000, 0x0000000783900000, 0x0000000783a00000|  0%| F|  |TAMS 0x0000000783900000, 0x0000000783900000| Untracked 
|  58|0x0000000783a00000, 0x0000000783a00000, 0x0000000783b00000|  0%| F|  |TAMS 0x0000000783a00000, 0x0000000783a00000| Untracked 
|  59|0x0000000783b00000, 0x0000000783b00000, 0x0000000783c00000|  0%| F|  |TAMS 0x0000000783b00000, 0x0000000783b00000| Untracked 
|  60|0x0000000783c00000, 0x0000000783c00000, 0x0000000783d00000|  0%| F|  |TAMS 0x0000000783c00000, 0x0000000783c00000| Untracked 
|  61|0x0000000783d00000, 0x0000000783d00000, 0x0000000783e00000|  0%| F|  |TAMS 0x0000000783d00000, 0x0000000783d00000| Untracked 
|  62|0x0000000783e00000, 0x0000000783e00000, 0x0000000783f00000|  0%| F|  |TAMS 0x0000000783e00000, 0x0000000783e00000| Untracked 
|  63|0x0000000783f00000, 0x0000000783f00000, 0x0000000784000000|  0%| F|  |TAMS 0x0000000783f00000, 0x0000000783f00000| Untracked 
|  64|0x0000000784000000, 0x0000000784000000, 0x0000000784100000|  0%| F|  |TAMS 0x0000000784000000, 0x0000000784000000| Untracked 
|  65|0x0000000784100000, 0x0000000784100000, 0x0000000784200000|  0%| F|  |TAMS 0x0000000784100000, 0x0000000784100000| Untracked 
|  66|0x0000000784200000, 0x0000000784200000, 0x0000000784300000|  0%| F|  |TAMS 0x0000000784200000, 0x0000000784200000| Untracked 
|  67|0x0000000784300000, 0x0000000784300000, 0x0000000784400000|  0%| F|  |TAMS 0x0000000784300000, 0x0000000784300000| Untracked 
|  68|0x0000000784400000, 0x0000000784400000, 0x0000000784500000|  0%| F|  |TAMS 0x0000000784400000, 0x0000000784400000| Untracked 
|  69|0x0000000784500000, 0x0000000784500000, 0x0000000784600000|  0%| F|  |TAMS 0x0000000784500000, 0x0000000784500000| Untracked 
|  70|0x0000000784600000, 0x0000000784600000, 0x0000000784700000|  0%| F|  |TAMS 0x0000000784600000, 0x0000000784600000| Untracked 
|  71|0x0000000784700000, 0x0000000784700000, 0x0000000784800000|  0%| F|  |TAMS 0x0000000784700000, 0x0000000784700000| Untracked 
|  72|0x0000000784800000, 0x0000000784800000, 0x0000000784900000|  0%| F|  |TAMS 0x0000000784800000, 0x0000000784800000| Untracked 
|  73|0x0000000784900000, 0x0000000784900000, 0x0000000784a00000|  0%| F|  |TAMS 0x0000000784900000, 0x0000000784900000| Untracked 
|  74|0x0000000784a00000, 0x0000000784a00000, 0x0000000784b00000|  0%| F|  |TAMS 0x0000000784a00000, 0x0000000784a00000| Untracked 
|  75|0x0000000784b00000, 0x0000000784b00000, 0x0000000784c00000|  0%| F|  |TAMS 0x0000000784b00000, 0x0000000784b00000| Untracked 
|  76|0x0000000784c00000, 0x0000000784c00000, 0x0000000784d00000|  0%| F|  |TAMS 0x0000000784c00000, 0x0000000784c00000| Untracked 
|  77|0x0000000784d00000, 0x0000000784d00000, 0x0000000784e00000|  0%| F|  |TAMS 0x0000000784d00000, 0x0000000784d00000| Untracked 
|  78|0x0000000784e00000, 0x0000000784e00000, 0x0000000784f00000|  0%| F|  |TAMS 0x0000000784e00000, 0x0000000784e00000| Untracked 
|  79|0x0000000784f00000, 0x0000000784f00000, 0x0000000785000000|  0%| F|  |TAMS 0x0000000784f00000, 0x0000000784f00000| Untracked 
|  80|0x0000000785000000, 0x0000000785000000, 0x0000000785100000|  0%| F|  |TAMS 0x0000000785000000, 0x0000000785000000| Untracked 
|  81|0x0000000785100000, 0x0000000785100000, 0x0000000785200000|  0%| F|  |TAMS 0x0000000785100000, 0x0000000785100000| Untracked 
|  82|0x0000000785200000, 0x0000000785200000, 0x0000000785300000|  0%| F|  |TAMS 0x0000000785200000, 0x0000000785200000| Untracked 
|  83|0x0000000785300000, 0x0000000785300000, 0x0000000785400000|  0%| F|  |TAMS 0x0000000785300000, 0x0000000785300000| Untracked 
|  84|0x0000000785400000, 0x0000000785400000, 0x0000000785500000|  0%| F|  |TAMS 0x0000000785400000, 0x0000000785400000| Untracked 
|  85|0x0000000785500000, 0x0000000785500000, 0x0000000785600000|  0%| F|  |TAMS 0x0000000785500000, 0x0000000785500000| Untracked 
|  86|0x0000000785600000, 0x0000000785600000, 0x0000000785700000|  0%| F|  |TAMS 0x0000000785600000, 0x0000000785600000| Untracked 
|  87|0x0000000785700000, 0x0000000785700000, 0x0000000785800000|  0%| F|  |TAMS 0x0000000785700000, 0x0000000785700000| Untracked 
|  88|0x0000000785800000, 0x0000000785800000, 0x0000000785900000|  0%| F|  |TAMS 0x0000000785800000, 0x0000000785800000| Untracked 
|  89|0x0000000785900000, 0x0000000785900000, 0x0000000785a00000|  0%| F|  |TAMS 0x0000000785900000, 0x0000000785900000| Untracked 
|  90|0x0000000785a00000, 0x0000000785a00000, 0x0000000785b00000|  0%| F|  |TAMS 0x0000000785a00000, 0x0000000785a00000| Untracked 
|  91|0x0000000785b00000, 0x0000000785b00000, 0x0000000785c00000|  0%| F|  |TAMS 0x0000000785b00000, 0x0000000785b00000| Untracked 
|  92|0x0000000785c00000, 0x0000000785c00000, 0x0000000785d00000|  0%| F|  |TAMS 0x0000000785c00000, 0x0000000785c00000| Untracked 
|  93|0x0000000785d00000, 0x0000000785d00000, 0x0000000785e00000|  0%| F|  |TAMS 0x0000000785d00000, 0x0000000785d00000| Untracked 
|  94|0x0000000785e00000, 0x0000000785e00000, 0x0000000785f00000|  0%| F|  |TAMS 0x0000000785e00000, 0x0000000785e00000| Untracked 
|  95|0x0000000785f00000, 0x0000000785f00000, 0x0000000786000000|  0%| F|  |TAMS 0x0000000785f00000, 0x0000000785f00000| Untracked 
|  96|0x0000000786000000, 0x0000000786000000, 0x0000000786100000|  0%| F|  |TAMS 0x0000000786000000, 0x0000000786000000| Untracked 
|  97|0x0000000786100000, 0x0000000786100000, 0x0000000786200000|  0%| F|  |TAMS 0x0000000786100000, 0x0000000786100000| Untracked 
|  98|0x0000000786200000, 0x0000000786200000, 0x0000000786300000|  0%| F|  |TAMS 0x0000000786200000, 0x0000000786200000| Untracked 
|  99|0x0000000786300000, 0x0000000786300000, 0x0000000786400000|  0%| F|  |TAMS 0x0000000786300000, 0x0000000786300000| Untracked 
| 100|0x0000000786400000, 0x0000000786400000, 0x0000000786500000|  0%| F|  |TAMS 0x0000000786400000, 0x0000000786400000| Untracked 
| 101|0x0000000786500000, 0x0000000786500000, 0x0000000786600000|  0%| F|  |TAMS 0x0000000786500000, 0x0000000786500000| Untracked 
| 102|0x0000000786600000, 0x0000000786600000, 0x0000000786700000|  0%| F|  |TAMS 0x0000000786600000, 0x0000000786600000| Untracked 
| 103|0x0000000786700000, 0x0000000786700000, 0x0000000786800000|  0%| F|  |TAMS 0x0000000786700000, 0x0000000786700000| Untracked 
| 104|0x0000000786800000, 0x0000000786800000, 0x0000000786900000|  0%| F|  |TAMS 0x0000000786800000, 0x0000000786800000| Untracked 
| 105|0x0000000786900000, 0x0000000786900000, 0x0000000786a00000|  0%| F|  |TAMS 0x0000000786900000, 0x0000000786900000| Untracked 
| 106|0x0000000786a00000, 0x0000000786a00000, 0x0000000786b00000|  0%| F|  |TAMS 0x0000000786a00000, 0x0000000786a00000| Untracked 
| 107|0x0000000786b00000, 0x0000000786b00000, 0x0000000786c00000|  0%| F|  |TAMS 0x0000000786b00000, 0x0000000786b00000| Untracked 
| 108|0x0000000786c00000, 0x0000000786c00000, 0x0000000786d00000|  0%| F|  |TAMS 0x0000000786c00000, 0x0000000786c00000| Untracked 
| 109|0x0000000786d00000, 0x0000000786d00000, 0x0000000786e00000|  0%| F|  |TAMS 0x0000000786d00000, 0x0000000786d00000| Untracked 
| 110|0x0000000786e00000, 0x0000000786e00000, 0x0000000786f00000|  0%| F|  |TAMS 0x0000000786e00000, 0x0000000786e00000| Untracked 
| 111|0x0000000786f00000, 0x0000000786f00000, 0x0000000787000000|  0%| F|  |TAMS 0x0000000786f00000, 0x0000000786f00000| Untracked 
| 112|0x0000000787000000, 0x0000000787000000, 0x0000000787100000|  0%| F|  |TAMS 0x0000000787000000, 0x0000000787000000| Untracked 
| 113|0x0000000787100000, 0x0000000787100000, 0x0000000787200000|  0%| F|  |TAMS 0x0000000787100000, 0x0000000787100000| Untracked 
| 114|0x0000000787200000, 0x0000000787200000, 0x0000000787300000|  0%| F|  |TAMS 0x0000000787200000, 0x0000000787200000| Untracked 
| 115|0x0000000787300000, 0x0000000787300000, 0x0000000787400000|  0%| F|  |TAMS 0x0000000787300000, 0x0000000787300000| Untracked 
| 116|0x0000000787400000, 0x0000000787400000, 0x0000000787500000|  0%| F|  |TAMS 0x0000000787400000, 0x0000000787400000| Untracked 
| 117|0x0000000787500000, 0x0000000787580800, 0x0000000787600000| 50%| E|  |TAMS 0x0000000787500000, 0x0000000787500000| Complete 
| 118|0x0000000787600000, 0x0000000787700000, 0x0000000787700000|100%| E|CS|TAMS 0x0000000787600000, 0x0000000787600000| Complete 
| 119|0x0000000787700000, 0x0000000787800000, 0x0000000787800000|100%| E|CS|TAMS 0x0000000787700000, 0x0000000787700000| Complete 
| 120|0x0000000787800000, 0x0000000787900000, 0x0000000787900000|100%| E|CS|TAMS 0x0000000787800000, 0x0000000787800000| Complete 
| 121|0x0000000787900000, 0x0000000787a00000, 0x0000000787a00000|100%| E|CS|TAMS 0x0000000787900000, 0x0000000787900000| Complete 
| 122|0x0000000787a00000, 0x0000000787b00000, 0x0000000787b00000|100%| E|CS|TAMS 0x0000000787a00000, 0x0000000787a00000| Complete 
| 123|0x0000000787b00000, 0x0000000787c00000, 0x0000000787c00000|100%| E|CS|TAMS 0x0000000787b00000, 0x0000000787b00000| Complete 
| 124|0x0000000787c00000, 0x0000000787d00000, 0x0000000787d00000|100%| E|CS|TAMS 0x0000000787c00000, 0x0000000787c00000| Complete 
| 125|0x0000000787d00000, 0x0000000787e00000, 0x0000000787e00000|100%| E|CS|TAMS 0x0000000787d00000, 0x0000000787d00000| Complete 
| 126|0x0000000787e00000, 0x0000000787f00000, 0x0000000787f00000|100%| E|CS|TAMS 0x0000000787e00000, 0x0000000787e00000| Complete 
| 127|0x0000000787f00000, 0x0000000788000000, 0x0000000788000000|100%| E|CS|TAMS 0x0000000787f00000, 0x0000000787f00000| Complete 
|2046|0x00000007ffe00000, 0x00000007ffe76000, 0x00000007fff00000| 46%|OA|  |TAMS 0x00000007ffe00000, 0x00000007ffe00000| Untracked 
|2047|0x00000007fff00000, 0x00000007fff7f000, 0x0000000800000000| 49%|CA|  |TAMS 0x00000007fff00000, 0x00000007fff00000| Untracked 

Card table byte_map: [0x000000010b366000,0x000000010b766000] _byte_map_base: 0x0000000107766000

Marking Bits (Prev, Next): (CMBitMap*) 0x00007fdf1280c610, (CMBitMap*) 0x00007fdf1280c650
 Prev Bits: [0x0000000124bc8000, 0x0000000126bc8000)
 Next Bits: [0x0000000126bc8000, 0x0000000128bc8000)

Polling page: 0x000000010265b000

Metaspace:

Usage:
  Non-class:      7.74 MB used.
      Class:      1.11 MB used.
       Both:      8.84 MB used.

Virtual space:
  Non-class space:       16.00 MB reserved,       7.81 MB ( 49%) committed,  2 nodes.
      Class space:        1.00 GB reserved,       1.19 MB ( <1%) committed,  1 nodes.
             Both:        1.02 GB reserved,       9.00 MB ( <1%) committed. 

Chunk freelists:
   Non-Class:  2.95 MB
       Class:  2.64 MB
        Both:  5.59 MB

MaxMetaspaceSize: unlimited
CompressedClassSpaceSize: 1.00 GB
Initial GC threshold: 21.00 MB
Current GC threshold: 21.00 MB
CDS: on
MetaspaceReclaimPolicy: balanced
 - commit_granule_bytes: 65536.
 - commit_granule_words: 8192.
 - virtual_space_node_default_size: 1048576.
 - enlarge_chunks_in_place: 1.
 - new_chunks_are_fully_committed: 0.
 - uncommit_free_chunks: 1.
 - use_allocation_guard: 0.
 - handle_deallocations: 1.


Internal statistics:

num_allocs_failed_limit: 0.
num_arena_births: 106.
num_arena_deaths: 0.
num_vsnodes_births: 3.
num_vsnodes_deaths: 0.
num_space_committed: 144.
num_space_uncommitted: 0.
num_chunks_returned_to_freelist: 0.
num_chunks_taken_from_freelist: 375.
num_chunk_merges: 0.
num_chunk_splits: 261.
num_chunks_enlarged: 208.
num_purges: 0.
num_inconsistent_stats: 0.

CodeHeap 'non-profiled nmethods': size=120028Kb used=547Kb max_used=547Kb free=119480Kb
 bounds [0x000000011d691000, 0x000000011d901000, 0x0000000124bc8000]
CodeHeap 'profiled nmethods': size=120028Kb used=2674Kb max_used=2674Kb free=117353Kb
 bounds [0x000000011615a000, 0x00000001163fa000, 0x000000011d691000]
CodeHeap 'non-nmethods': size=5704Kb used=1332Kb max_used=1340Kb free=4371Kb
 bounds [0x0000000115bc8000, 0x0000000115e38000, 0x000000011615a000]
 total_blobs=2186 nmethods=1514 adapters=586
 compilation: enabled
              stopped_count=0, restarted_count=0
 full_count=0

Compilation events (20 events):
Event: 6.603 Thread 0x00007fdf14010600 1498       4       com.sun.javafx.tk.quantum.GlassViewEventHandler::mouseEventButton (60 bytes)
Event: 6.604 Thread 0x00007fdf14010600 nmethod 1498 0x000000011d716b10 code [0x000000011d716ca0, 0x000000011d716d18]
Event: 6.716 Thread 0x00007fdf14010600 1499       4       com.sun.javafx.event.BasicEventDispatcher::dispatchCapturingEvent (2 bytes)
Event: 6.717 Thread 0x00007fdf14010600 nmethod 1499 0x000000011d716e10 code [0x000000011d716f80, 0x000000011d716ff8]
Event: 6.717 Thread 0x00007fdf14010600 1500       4       com.sun.javafx.event.BasicEventDispatcher::dispatchBubblingEvent (2 bytes)
Event: 6.717 Thread 0x00007fdf14010600 nmethod 1500 0x000000011d717110 code [0x000000011d717280, 0x000000011d7172f8]
Event: 7.108 Thread 0x00007fdf02808800 1501       1       javafx.scene.input.KeyCode::getCode (5 bytes)
Event: 7.109 Thread 0x00007fdf02808800 nmethod 1501 0x000000011d717410 code [0x000000011d7175a0, 0x000000011d717670]
Event: 7.156 Thread 0x00007fdf14010600 1502       4       java.lang.System::getSecurityManager (12 bytes)
Event: 7.157 Thread 0x00007fdf14010600 nmethod 1502 0x000000011d717710 code [0x000000011d717880, 0x000000011d7178f8]
Event: 7.157 Thread 0x00007fdf14010600 1503       4       jdk.internal.org.objectweb.asm.Symbol::<init> (38 bytes)
Event: 7.157 Thread 0x00007fdf02808800 1505       3       java.lang.invoke.MethodType::changeReturnType (20 bytes)
Event: 7.157 Thread 0x00007fdf02808800 nmethod 1505 0x00000001163f5c10 code [0x00000001163f5dc0, 0x00000001163f5f80]
Event: 7.159 Thread 0x00007fdf14010600 nmethod 1503 0x000000011d717a10 code [0x000000011d717b80, 0x000000011d717ed8]
Event: 7.159 Thread 0x00007fdf14010600 1504       4       jdk.internal.org.objectweb.asm.SymbolTable::put (150 bytes)
Event: 7.161 Thread 0x00007fdf14010600 nmethod 1504 0x000000011d717f90 code [0x000000011d718120, 0x000000011d718458]
Event: 7.211 Thread 0x00007fdf14010600 1506       4       com.sun.javafx.binding.ExpressionHelper::fireValueChangedEvent (9 bytes)
Event: 7.211 Thread 0x00007fdf14010600 nmethod 1506 0x000000011d718610 code [0x000000011d7187a0, 0x000000011d718818]
Event: 7.779 Thread 0x00007fdf02808800 1507       3       com.sun.javafx.tk.quantum.ViewScene::getWindowStage (8 bytes)
Event: 7.779 Thread 0x00007fdf02808800 nmethod 1507 0x00000001163f6010 code [0x00000001163f61c0, 0x00000001163f63d0]

GC Heap History (8 events):
Event: 0.850 GC heap before
{Heap before GC invocations=0 (full 0):
 garbage-first heap   total 133120K, used 25556K [0x0000000780000000, 0x0000000800000000)
  region size 1024K, 23 young (23552K), 0 survivors (0K)
 Metaspace       used 7081K, committed 7296K, reserved 1056768K
  class space    used 933K, committed 1024K, reserved 1048576K
}
Event: 0.856 GC heap after
{Heap after GC invocations=1 (full 0):
 garbage-first heap   total 133120K, used 5758K [0x0000000780000000, 0x0000000800000000)
  region size 1024K, 3 young (3072K), 3 survivors (3072K)
 Metaspace       used 7081K, committed 7296K, reserved 1056768K
  class space    used 933K, committed 1024K, reserved 1048576K
}
Event: 1.109 GC heap before
{Heap before GC invocations=1 (full 0):
 garbage-first heap   total 133120K, used 55934K [0x0000000780000000, 0x0000000800000000)
  region size 1024K, 48 young (49152K), 3 survivors (3072K)
 Metaspace       used 7732K, committed 8000K, reserved 1064960K
  class space    used 1011K, committed 1152K, reserved 1048576K
}
Event: 1.113 GC heap after
{Heap after GC invocations=2 (full 0):
 garbage-first heap   total 133120K, used 10041K [0x0000000780000000, 0x0000000800000000)
  region size 1024K, 3 young (3072K), 3 survivors (3072K)
 Metaspace       used 7732K, committed 8000K, reserved 1064960K
  class space    used 1011K, committed 1152K, reserved 1048576K
}
Event: 5.184 GC heap before
{Heap before GC invocations=2 (full 0):
 garbage-first heap   total 133120K, used 98105K [0x0000000780000000, 0x0000000800000000)
  region size 1024K, 76 young (77824K), 3 survivors (3072K)
 Metaspace       used 8902K, committed 9152K, reserved 1064960K
  class space    used 1110K, committed 1216K, reserved 1048576K
}
Event: 5.191 GC heap after
{Heap after GC invocations=3 (full 0):
 garbage-first heap   total 133120K, used 17976K [0x0000000780000000, 0x0000000800000000)
  region size 1024K, 4 young (4096K), 4 survivors (4096K)
 Metaspace       used 8902K, committed 9152K, reserved 1064960K
  class space    used 1110K, committed 1216K, reserved 1048576K
}
Event: 7.222 GC heap before
{Heap before GC invocations=3 (full 0):
 garbage-first heap   total 133120K, used 97848K [0x0000000780000000, 0x0000000800000000)
  region size 1024K, 76 young (77824K), 4 survivors (4096K)
 Metaspace       used 8967K, committed 9152K, reserved 1064960K
  class space    used 1124K, committed 1216K, reserved 1048576K
}
Event: 7.228 GC heap after
{Heap after GC invocations=4 (full 0):
 garbage-first heap   total 133120K, used 10545K [0x0000000780000000, 0x0000000800000000)
  region size 1024K, 4 young (4096K), 4 survivors (4096K)
 Metaspace       used 8967K, committed 9152K, reserved 1064960K
  class space    used 1124K, committed 1216K, reserved 1048576K
}

Deoptimization events (20 events):
Event: 1.118 Thread 0x00007fdf140f6c00 DEOPT PACKING pc=0x00000001162f06cf sp=0x0000000309032360
Event: 1.118 Thread 0x00007fdf140f6c00 DEOPT UNPACKING pc=0x0000000115c1a810 sp=0x00000003090318a8 mode 0
Event: 1.186 Thread 0x00007fdf14143e00 Uncommon trap: trap_request=0xffffff45 fr.pc=0x000000011d6a3c9c relative=0x00000000000000fc
Event: 1.186 Thread 0x00007fdf14143e00 Uncommon trap: reason=unstable_if action=reinterpret pc=0x000000011d6a3c9c method=java.lang.StringLatin1.lastIndexOf([BI[BII)I @ 86 c2
Event: 1.186 Thread 0x00007fdf14143e00 DEOPT PACKING pc=0x000000011d6a3c9c sp=0x000000030b0b7ac0
Event: 1.186 Thread 0x00007fdf14143e00 DEOPT UNPACKING pc=0x0000000115c1a093 sp=0x000000030b0b7a38 mode 2
Event: 7.114 Thread 0x00007fdf140f6c00 DEOPT PACKING pc=0x00000001163be982 sp=0x0000000309035700
Event: 7.114 Thread 0x00007fdf140f6c00 DEOPT UNPACKING pc=0x0000000115c1a810 sp=0x0000000309034c30 mode 3
Event: 7.115 Thread 0x00007fdf140f6c00 Uncommon trap: trap_request=0xffffff54 fr.pc=0x000000011d710078 relative=0x0000000000000238
Event: 7.115 Thread 0x00007fdf140f6c00 Uncommon trap: reason=speculate_null_assert action=make_not_entrant pc=0x000000011d710078 method=com.sun.javafx.event.EventHandlerManager.dispatchCapturingEvent(Ljavafx/event/EventType;Ljavafx/event/Event;)Ljavafx/event/Event; @ 15 c2
Event: 7.115 Thread 0x00007fdf140f6c00 DEOPT PACKING pc=0x000000011d710078 sp=0x0000000309035710
Event: 7.115 Thread 0x00007fdf140f6c00 DEOPT UNPACKING pc=0x0000000115c1a093 sp=0x00000003090356d0 mode 2
Event: 7.116 Thread 0x00007fdf140f6c00 Uncommon trap: trap_request=0xffffff54 fr.pc=0x000000011d710bf8 relative=0x0000000000000238
Event: 7.116 Thread 0x00007fdf140f6c00 Uncommon trap: reason=speculate_null_assert action=make_not_entrant pc=0x000000011d710bf8 method=com.sun.javafx.event.EventHandlerManager.dispatchBubblingEvent(Ljavafx/event/EventType;Ljavafx/event/Event;)Ljavafx/event/Event; @ 15 c2
Event: 7.116 Thread 0x00007fdf140f6c00 DEOPT PACKING pc=0x000000011d710bf8 sp=0x0000000309035710
Event: 7.116 Thread 0x00007fdf140f6c00 DEOPT UNPACKING pc=0x0000000115c1a093 sp=0x00000003090356d0 mode 2
Event: 7.117 Thread 0x00007fdf140f6c00 Uncommon trap: trap_request=0xffffff45 fr.pc=0x000000011d71129c relative=0x00000000000000fc
Event: 7.117 Thread 0x00007fdf140f6c00 Uncommon trap: reason=unstable_if action=reinterpret pc=0x000000011d71129c method=java.lang.ThreadLocal$ThreadLocalMap.getEntry(Ljava/lang/ThreadLocal;)Ljava/lang/ThreadLocal$ThreadLocalMap$Entry; @ 21 c2
Event: 7.117 Thread 0x00007fdf140f6c00 DEOPT PACKING pc=0x000000011d71129c sp=0x0000000309034510
Event: 7.117 Thread 0x00007fdf140f6c00 DEOPT UNPACKING pc=0x0000000115c1a093 sp=0x0000000309034448 mode 2

Classes unloaded (0 events):
No events

Classes redefined (0 events):
No events

Internal exceptions (20 events):
Event: 0.169 Thread 0x00007fdf1280ce00 Exception <a 'java/lang/NoSuchMethodError'{0x0000000787d927a0}: 'void java.lang.invoke.DirectMethodHandle$Holder.invokeVirtual(java.lang.Object, java.lang.Object)'> (0x0000000787d927a0) 
thrown [open/src/hotspot/share/interpreter/linkResolver.cpp, line 766]
Event: 0.219 Thread 0x00007fdf1280ce00 Implicit null exception at 0x000000011d69ae55 to 0x000000011d69afa8
Event: 0.236 Thread 0x00007fdf13808800 Exception <a 'java/lang/NoSuchMethodError'{0x0000000787cc2b90}: 'java.lang.Object java.lang.invoke.DirectMethodHandle$Holder.invokeStaticInit(java.lang.Object)'> (0x0000000787cc2b90) 
thrown [open/src/hotspot/share/interpreter/linkResolver.cpp, line 766]
Event: 0.239 Thread 0x00007fdf13808800 Exception <a 'java/lang/ClassNotFoundException'{0x0000000787ccdb10}: jdk/net/ExtendedSocketOptions> (0x0000000787ccdb10) 
thrown [open/src/hotspot/share/classfile/systemDictionary.cpp, line 256]
Event: 0.245 Thread 0x00007fdf13808800 Exception <a 'java/lang/NoSuchMethodError'{0x0000000787ccf368}: 'void java.lang.invoke.DirectMethodHandle$Holder.invokeStatic(java.lang.Object, java.lang.Object)'> (0x0000000787ccf368) 
thrown [open/src/hotspot/share/interpreter/linkResolver.cpp, line 766]
Event: 0.309 Thread 0x00007fdf1280ce00 Exception <a 'java/lang/NoSuchMethodError'{0x000000078781a4c8}: 'void java.lang.invoke.DirectMethodHandle$Holder.invokeSpecial(java.lang.Object, java.lang.Object, java.lang.Object)'> (0x000000078781a4c8) 
thrown [open/src/hotspot/share/interpreter/linkResolver.cpp, line 766]
Event: 0.319 Thread 0x00007fdf1280ce00 Exception <a 'java/lang/NoSuchMethodError'{0x0000000787856640}: 'void java.lang.invoke.DirectMethodHandle$Holder.invokeStatic(java.lang.Object, java.lang.Object, java.lang.Object)'> (0x0000000787856640) 
thrown [open/src/hotspot/share/interpreter/linkResolver.cpp, line 766]
Event: 0.474 Thread 0x00007fdf1280ce00 Exception <a 'java/lang/NoSuchMethodError'{0x00000007878730d8}: 'int java.lang.invoke.DirectMethodHandle$Holder.invokeStaticInit(java.lang.Object, java.lang.Object, java.lang.Object)'> (0x00000007878730d8) 
thrown [open/src/hotspot/share/interpreter/linkResolver.cpp, line 766]
Event: 0.653 Thread 0x00007fdf140f6c00 Exception <a 'java/lang/NoSuchMethodError'{0x00000007873aa510}: 'void java.lang.invoke.DirectMethodHandle$Holder.invokeStaticInit(java.lang.Object)'> (0x00000007873aa510) 
thrown [open/src/hotspot/share/interpreter/linkResolver.cpp, line 766]
Event: 0.655 Thread 0x00007fdf1280ce00 Exception <a 'java/lang/NoSuchMethodError'{0x00000007876aa528}: 'java.lang.Object java.lang.invoke.DirectMethodHandle$Holder.newInvokeSpecial(java.lang.Object, java.lang.Object, java.lang.Object, java.lang.Object, java.lang.Object, java.lang.Object)'> (0x00000007876aa528) 
thrown [open/src/hotspot/share/interpreter/linkResolver.cpp, line 766]
Event: 0.707 Thread 0x00007fdf1280ce00 Exception <a 'java/lang/NoSuchMethodError'{0x0000000787055cb8}: 'java.lang.Object java.lang.invoke.DirectMethodHandle$Holder.invokeStaticInit(java.lang.Object, java.lang.Object, java.lang.Object, java.lang.Object)'> (0x0000000787055cb8) 
thrown [open/src/hotspot/share/interpreter/linkResolver.cpp, line 766]
Event: 0.724 Thread 0x00007fdf1280ce00 Exception <a 'java/lang/NoSuchMethodError'{0x00000007870c87d0}: 'java.lang.Object java.lang.invoke.DirectMethodHandle$Holder.newInvokeSpecial(java.lang.Object, java.lang.Object, java.lang.Object, java.lang.Object, java.lang.Object)'> (0x00000007870c87d0) 
thrown [open/src/hotspot/share/interpreter/linkResolver.cpp, line 766]
Event: 0.727 Thread 0x00007fdf02994200 Exception <a 'java/lang/NoSuchMethodError'{0x00000007870f3710}: 'void java.lang.invoke.DirectMethodHandle$Holder.invokeStatic(java.lang.Object, java.lang.Object, java.lang.Object, java.lang.Object)'> (0x00000007870f3710) 
thrown [open/src/hotspot/share/interpreter/linkResolver.cpp, line 766]
Event: 0.746 Thread 0x00007fdf140f6c00 Exception <a 'java/lang/NullPointerException'{0x0000000786e8df98}> (0x0000000786e8df98) 
thrown [open/src/hotspot/share/interpreter/linkResolver.cpp, line 1357]
Event: 0.762 Thread 0x00007fdf140f6c00 Exception <a 'sun/nio/fs/UnixException'{0x0000000786daa360}> (0x0000000786daa360) 
thrown [open/src/hotspot/share/prims/jni.cpp, line 516]
Event: 0.800 Thread 0x00007fdf140f6c00 Exception <a 'java/lang/NoSuchMethodError'{0x0000000786a89d70}: 'void java.lang.invoke.DirectMethodHandle$Holder.invokeSpecial(java.lang.Object, java.lang.Object, java.lang.Object, java.lang.Object, java.lang.Object, java.lang.Object)'> (0x0000000786a89d70) 
thrown [open/src/hotspot/share/interpreter/linkResolver.cpp, line 766]
Event: 1.017 Thread 0x00007fdf140f6c00 Implicit null exception at 0x000000011d6d9527 to 0x000000011d6d9c98
Event: 1.132 Thread 0x00007fdf140f6c00 Exception <a 'java/lang/NoSuchMethodError'{0x0000000787c90200}: 'java.lang.Object java.lang.invoke.DirectMethodHandle$Holder.newInvokeSpecial(java.lang.Object, java.lang.Object, int)'> (0x0000000787c90200) 
thrown [open/src/hotspot/share/interpreter/linkResolver.cpp, line 766]
Event: 1.219 Thread 0x00007fdf0291f400 Exception <a 'java/lang/NoSuchMethodError'{0x000000078796ae60}: 'int java.lang.invoke.DirectMethodHandle$Holder.invokeStaticInit(java.lang.Object, java.lang.Object)'> (0x000000078796ae60) 
thrown [open/src/hotspot/share/interpreter/linkResolver.cpp, line 766]
Event: 7.117 Thread 0x00007fdf140f6c00 Implicit null exception at 0x000000011d711203 to 0x000000011d711280

VM Operations (20 events):
Event: 0.848 Executing VM operation: G1CollectForAllocation
Event: 0.856 Executing VM operation: G1CollectForAllocation done
Event: 1.109 Executing VM operation: G1CollectForAllocation
Event: 1.113 Executing VM operation: G1CollectForAllocation done
Event: 2.115 Executing VM operation: Cleanup
Event: 2.116 Executing VM operation: Cleanup done
Event: 3.121 Executing VM operation: Cleanup
Event: 3.121 Executing VM operation: Cleanup done
Event: 4.126 Executing VM operation: Cleanup
Event: 4.127 Executing VM operation: Cleanup done
Event: 5.132 Executing VM operation: Cleanup
Event: 5.133 Executing VM operation: Cleanup done
Event: 5.184 Executing VM operation: G1CollectForAllocation
Event: 5.191 Executing VM operation: G1CollectForAllocation done
Event: 6.192 Executing VM operation: Cleanup
Event: 6.193 Executing VM operation: Cleanup done
Event: 7.113 Executing VM operation: HandshakeAllThreads
Event: 7.113 Executing VM operation: HandshakeAllThreads done
Event: 7.221 Executing VM operation: G1CollectForAllocation
Event: 7.228 Executing VM operation: G1CollectForAllocation done

Events (20 events):
Event: 5.056 Protecting memory [0x000000030a70b000,0x000000030a70f000] with protection modes 0
Event: 5.056 Thread 0x00007fdf02a97c00 Thread added: 0x00007fdf02a97c00
Event: 5.539 Protecting memory [0x000000030a70b000,0x000000030a70f000] with protection modes 3
Event: 5.539 Thread 0x00007fdf02a97c00 Thread exited: 0x00007fdf02a97c00
Event: 5.845 loading class java/util/AbstractList$RandomAccessSubList
Event: 5.845 loading class java/util/AbstractList$SubList
Event: 5.846 loading class java/util/AbstractList$SubList done
Event: 5.846 loading class java/util/AbstractList$RandomAccessSubList done
Event: 5.846 loading class java/util/LinkedList$ListItr
Event: 5.846 loading class java/util/LinkedList$ListItr done
Event: 7.803 Protecting memory [0x000000030a505000,0x000000030a509000] with protection modes 3
Event: 7.803 Thread 0x00007fdf0291f400 Thread exited: 0x00007fdf0291f400
Event: 7.804 Protecting memory [0x000000030a9a7000,0x000000030a9ab000] with protection modes 3
Event: 7.804 Thread 0x00007fdf02994200 Thread exited: 0x00007fdf02994200
Event: 7.804 loading class java/util/Scanner
Event: 7.805 loading class java/util/Scanner done
Event: 7.807 Protecting memory [0x000000030883a000,0x000000030883e000] with protection modes 3
Event: 7.807 Thread 0x00007fdf140f6c00 Thread exited: 0x00007fdf140f6c00
Event: 7.814 loading class java/util/Scanner$PatternLRUCache
Event: 7.814 loading class java/util/Scanner$PatternLRUCache done


Dynamic libraries:
0x000000010ac16000 	/Users/tino/Library/Java/JavaVirtualMachines/openjdk-17.0.1/Contents/Home/lib/libjli.dylib
0x00007ff823be1000 	/usr/lib/libz.1.dylib
0x00007ff823ccb000 	/usr/lib/libSystem.B.dylib
0x00007ff823cc6000 	/usr/lib/system/libcache.dylib
0x00007ff823c81000 	/usr/lib/system/libcommonCrypto.dylib
0x00007ff823caa000 	/usr/lib/system/libcompiler_rt.dylib
0x00007ff823ca0000 	/usr/lib/system/libcopyfile.dylib
0x00007ff81797f000 	/usr/lib/system/libcorecrypto.dylib
0x00007ff817a41000 	/usr/lib/system/libdispatch.dylib
0x00007ff817bc9000 	/usr/lib/system/libdyld.dylib
0x00007ff823cbc000 	/usr/lib/system/libkeymgr.dylib
0x00007ff823c60000 	/usr/lib/system/libmacho.dylib
0x00007ff82324e000 	/usr/lib/system/libquarantine.dylib
0x00007ff823cba000 	/usr/lib/system/libremovefile.dylib
0x00007ff81c78f000 	/usr/lib/system/libsystem_asl.dylib
0x00007ff817921000 	/usr/lib/system/libsystem_blocks.dylib
0x00007ff817a8b000 	/usr/lib/system/libsystem_c.dylib
0x00007ff823cb2000 	/usr/lib/system/libsystem_collections.dylib
0x00007ff822550000 	/usr/lib/system/libsystem_configuration.dylib
0x00007ff8215db000 	/usr/lib/system/libsystem_containermanager.dylib
0x00007ff82392b000 	/usr/lib/system/libsystem_coreservices.dylib
0x00007ff81a81b000 	/usr/lib/system/libsystem_darwin.dylib
0x00007ff823cbd000 	/usr/lib/system/libsystem_dnssd.dylib
0x00007ff817a88000 	/usr/lib/system/libsystem_featureflags.dylib
0x00007ff817bf4000 	/usr/lib/system/libsystem_info.dylib
0x00007ff823bf4000 	/usr/lib/system/libsystem_m.dylib
0x00007ff817a14000 	/usr/lib/system/libsystem_malloc.dylib
0x00007ff81c71e000 	/usr/lib/system/libsystem_networkextension.dylib
0x00007ff81ac5c000 	/usr/lib/system/libsystem_notify.dylib
0x00007ff822554000 	/usr/lib/system/libsystem_sandbox.dylib
0x00007ff823cb7000 	/usr/lib/system/libsystem_secinit.dylib
0x00007ff817b83000 	/usr/lib/system/libsystem_kernel.dylib
0x00007ff817bea000 	/usr/lib/system/libsystem_platform.dylib
0x00007ff817bbd000 	/usr/lib/system/libsystem_pthread.dylib
0x00007ff81e1d8000 	/usr/lib/system/libsystem_symptoms.dylib
0x00007ff817965000 	/usr/lib/system/libsystem_trace.dylib
0x00007ff823c8d000 	/usr/lib/system/libunwind.dylib
0x00007ff817925000 	/usr/lib/system/libxpc.dylib
0x00007ff817b6d000 	/usr/lib/libc++abi.dylib
0x00007ff817850000 	/usr/lib/libobjc.A.dylib
0x00007ff823c98000 	/usr/lib/liboah.dylib
0x00007ff817b14000 	/usr/lib/libc++.1.dylib
0x00007ff8300ca000 	/System/Library/Frameworks/Cocoa.framework/Versions/A/Cocoa
0x00007ff81acbb000 	/System/Library/Frameworks/AppKit.framework/Versions/C/AppKit
0x00007ff81d969000 	/System/Library/Frameworks/CoreData.framework/Versions/A/CoreData
0x00007ff8189d0000 	/System/Library/Frameworks/Foundation.framework/Versions/C/Foundation
0x00007ff81bcc0000 	/System/Library/PrivateFrameworks/UIFoundation.framework/Versions/A/UIFoundation
0x00007ffa36c0d000 	/System/Library/PrivateFrameworks/CollectionViewCore.framework/Versions/A/CollectionViewCore
0x00007ff82a0de000 	/System/Library/PrivateFrameworks/RemoteViewServices.framework/Versions/A/RemoteViewServices
0x00007ff821da0000 	/System/Library/PrivateFrameworks/XCTTargetBootstrap.framework/Versions/A/XCTTargetBootstrap
0x00007ff825bf8000 	/System/Library/PrivateFrameworks/InternationalSupport.framework/Versions/A/InternationalSupport
0x00007ff825c81000 	/System/Library/PrivateFrameworks/UserActivity.framework/Versions/A/UserActivity
0x00007ffb2ca02000 	/System/Library/PrivateFrameworks/WindowManagement.framework/Versions/A/WindowManagement
0x00007ff8186bc000 	/System/Library/Frameworks/SystemConfiguration.framework/Versions/A/SystemConfiguration
0x00007ff824ff6000 	/usr/lib/libspindump.dylib
0x00007ff81be8d000 	/System/Library/Frameworks/UniformTypeIdentifiers.framework/Versions/A/UniformTypeIdentifiers
0x00007ff820297000 	/usr/lib/libapp_launch_measurement.dylib
0x00007ff81ef0f000 	/System/Library/PrivateFrameworks/CoreAnalytics.framework/Versions/A/CoreAnalytics
0x00007ff82029a000 	/System/Library/PrivateFrameworks/CoreAutoLayout.framework/Versions/A/CoreAutoLayout
0x00007ff821627000 	/System/Library/Frameworks/Metal.framework/Versions/A/Metal
0x00007ff82255f000 	/usr/lib/liblangid.dylib
0x00007ff821da5000 	/System/Library/PrivateFrameworks/CoreSVG.framework/Versions/A/CoreSVG
0x00007ff81c7c1000 	/System/Library/PrivateFrameworks/SkyLight.framework/Versions/A/SkyLight
0x00007ff81cbaa000 	/System/Library/Frameworks/CoreGraphics.framework/Versions/A/CoreGraphics
0x00007ff82a7b8000 	/System/Library/Frameworks/Accelerate.framework/Versions/A/Accelerate
0x00007ff824a6b000 	/System/Library/PrivateFrameworks/IconServices.framework/Versions/A/IconServices
0x00007ff82160a000 	/System/Library/Frameworks/IOSurface.framework/Versions/A/IOSurface
0x00007ff81ef38000 	/usr/lib/libDiagnosticMessagesClient.dylib
0x00007ff82dcf7000 	/System/Library/Frameworks/ApplicationServices.framework/Versions/A/ApplicationServices
0x00007ff821d8c000 	/System/Library/PrivateFrameworks/DFRFoundation.framework/Versions/A/DFRFoundation
0x00007ff81a587000 	/usr/lib/libicucore.A.dylib
0x00007ff826a98000 	/System/Library/Frameworks/AudioToolbox.framework/Versions/A/AudioToolbox
0x00007ff825c03000 	/System/Library/PrivateFrameworks/DataDetectorsCore.framework/Versions/A/DataDetectorsCore
0x00007ff91f3f6000 	/System/Library/PrivateFrameworks/TextInput.framework/Versions/A/TextInput
0x00007ff81c736000 	/usr/lib/libMobileGestalt.dylib
0x00007ff821a94000 	/System/Library/Frameworks/Carbon.framework/Versions/A/Frameworks/HIToolbox.framework/Versions/A/HIToolbox
0x00007ff81fc3b000 	/System/Library/Frameworks/QuartzCore.framework/Versions/A/QuartzCore
0x00007ff81a207000 	/System/Library/Frameworks/Security.framework/Versions/A/Security
0x00007ff82a116000 	/System/Library/Frameworks/Carbon.framework/Versions/A/Frameworks/SpeechRecognition.framework/Versions/A/SpeechRecognition
0x00007ff81ffd7000 	/System/Library/PrivateFrameworks/CoreUI.framework/Versions/A/CoreUI
0x00007ff819b0c000 	/System/Library/Frameworks/CoreAudio.framework/Versions/A/CoreAudio
0x00007ff81f012000 	/System/Library/Frameworks/DiskArbitration.framework/Versions/A/DiskArbitration
0x00007ff825413000 	/System/Library/PrivateFrameworks/MultitouchSupport.framework/Versions/A/MultitouchSupport
0x00007ff81c735000 	/usr/lib/libenergytrace.dylib
0x00007ff81ab9d000 	/System/Library/Frameworks/IOKit.framework/Versions/A/IOKit
0x00007ff82a50f000 	/System/Library/Frameworks/CoreServices.framework/Versions/A/CoreServices
0x00007ff82022f000 	/System/Library/PrivateFrameworks/PerformanceAnalysis.framework/Versions/A/PerformanceAnalysis
0x00007ffa2cc03000 	/System/Library/Frameworks/OpenGL.framework/Versions/A/OpenGL
0x00007ff8202e2000 	/usr/lib/libxml2.2.dylib
0x00007ff823162000 	/System/Library/PrivateFrameworks/MobileKeyBag.framework/Versions/A/MobileKeyBag
0x00007ff81d3cb000 	/System/Library/Frameworks/ColorSync.framework/Versions/A/ColorSync
0x00007ff817c1f000 	/System/Library/Frameworks/CoreFoundation.framework/Versions/A/CoreFoundation
0x00007ff822141000 	/System/Library/Frameworks/CoreImage.framework/Versions/A/CoreImage
0x00007ff81991d000 	/System/Library/Frameworks/CoreText.framework/Versions/A/CoreText
0x00007ff821de0000 	/System/Library/Frameworks/ImageIO.framework/Versions/A/ImageIO
0x00007ff823cd1000 	/System/Library/PrivateFrameworks/SoftLinking.framework/Versions/A/SoftLinking
0x00007ff823f50000 	/usr/lib/libcompression.dylib
0x00007ff825b2a000 	/System/Library/PrivateFrameworks/TextureIO.framework/Versions/A/TextureIO
0x00007ff82469a000 	/usr/lib/libate.dylib
0x00007ff82442b000 	/usr/lib/liblzma.5.dylib
0x00007ff823ccd000 	/usr/lib/libfakelink.dylib
0x00007ff81c379000 	/System/Library/Frameworks/CFNetwork.framework/Versions/A/CFNetwork
0x00007ff823e0a000 	/usr/lib/libarchive.2.dylib
0x00007ff8283c7000 	/System/Library/Frameworks/Combine.framework/Versions/A/Combine
0x00007ff826510000 	/usr/lib/swift/libswiftCore.dylib
0x00007ff91c470000 	/usr/lib/swift/libswiftCoreFoundation.dylib
0x00007ff91a472000 	/usr/lib/swift/libswiftDarwin.dylib
0x00007ff82bd32000 	/usr/lib/swift/libswiftDispatch.dylib
0x00007ff91c48c000 	/usr/lib/swift/libswiftIOKit.dylib
0x00007ff82e120000 	/usr/lib/swift/libswiftObjectiveC.dylib
0x00007ff91c481000 	/usr/lib/swift/libswiftXPC.dylib
0x00007ffb3327e000 	/usr/lib/swift/libswift_Concurrency.dylib
0x00007ffb333bd000 	/usr/lib/swift/libswift_StringProcessing.dylib
0x00007ff82e124000 	/usr/lib/swift/libswiftos.dylib
0x00007ff81ab22000 	/System/Library/PrivateFrameworks/CoreServicesInternal.framework/Versions/A/CoreServicesInternal
0x00007ff823275000 	/usr/lib/libbsm.0.dylib
0x00007ff823c65000 	/usr/lib/system/libkxld.dylib
0x00007ff820263000 	/System/Library/Frameworks/CoreServices.framework/Versions/A/Frameworks/FSEvents.framework/Versions/A/FSEvents
0x00007ff81a826000 	/System/Library/Frameworks/CoreServices.framework/Versions/A/Frameworks/CarbonCore.framework/Versions/A/CarbonCore
0x00007ff81ef7b000 	/System/Library/Frameworks/CoreServices.framework/Versions/A/Frameworks/Metadata.framework/Versions/A/Metadata
0x00007ff823931000 	/System/Library/Frameworks/CoreServices.framework/Versions/A/Frameworks/OSServices.framework/Versions/A/OSServices
0x00007ff823e92000 	/System/Library/Frameworks/CoreServices.framework/Versions/A/Frameworks/SearchKit.framework/Versions/A/SearchKit
0x00007ff81e15f000 	/System/Library/Frameworks/CoreServices.framework/Versions/A/Frameworks/AE.framework/Versions/A/AE
0x00007ff8180b7000 	/System/Library/Frameworks/CoreServices.framework/Versions/A/Frameworks/LaunchServices.framework/Versions/A/LaunchServices
0x00007ff8243dc000 	/System/Library/Frameworks/CoreServices.framework/Versions/A/Frameworks/DictionaryServices.framework/Versions/A/DictionaryServices
0x00007ff820270000 	/System/Library/Frameworks/CoreServices.framework/Versions/A/Frameworks/SharedFileList.framework/Versions/A/SharedFileList
0x00007ff823f1e000 	/usr/lib/libapple_nghttp2.dylib
0x00007ff81c375000 	/usr/lib/libnetwork.dylib
0x00007ff81dddf000 	/usr/lib/libsqlite3.dylib
0x00007ff81e1e0000 	/System/Library/Frameworks/Network.framework/Versions/A/Network
0x00007ffb322aa000 	/usr/lib/libCoreEntitlements.dylib
0x00007ffb1ffff000 	/System/Library/PrivateFrameworks/MessageSecurity.framework/Versions/A/MessageSecurity
0x00007ff81ddc6000 	/System/Library/PrivateFrameworks/ProtocolBuffer.framework/Versions/A/ProtocolBuffer
0x00007ff82390b000 	/System/Library/PrivateFrameworks/AppleFSCompression.framework/Versions/A/AppleFSCompression
0x00007ff82325d000 	/usr/lib/libcoretls.dylib
0x00007ff824445000 	/usr/lib/libcoretls_cfhelpers.dylib
0x00007ff823f4b000 	/usr/lib/libpam.2.dylib
0x00007ff8244b2000 	/usr/lib/libxar.1.dylib
0x00007ff824a47000 	/usr/lib/libheimdal-asn1.dylib
0x00007ff823cd2000 	/usr/lib/libpcap.A.dylib
0x00007ff81e1cf000 	/usr/lib/libdns_services.dylib
0x00007ff82255b000 	/System/Library/PrivateFrameworks/AppleSystemInfo.framework/Versions/A/AppleSystemInfo
0x00007ff822f6c000 	/System/Library/PrivateFrameworks/IOMobileFramebuffer.framework/Versions/A/IOMobileFramebuffer
0x00007ff82391b000 	/usr/lib/libbz2.1.0.dylib
0x00007ff823251000 	/usr/lib/libCheckFix.dylib
0x00007ff81c7a6000 	/System/Library/PrivateFrameworks/TCC.framework/Versions/A/TCC
0x00007ff822561000 	/System/Library/PrivateFrameworks/CoreNLP.framework/Versions/A/CoreNLP
0x00007ff81ef3a000 	/System/Library/PrivateFrameworks/MetadataUtilities.framework/Versions/A/MetadataUtilities
0x00007ff823285000 	/usr/lib/libmecab.dylib
0x00007ff81873b000 	/usr/lib/libCRFSuite.dylib
0x00007ff8232df000 	/usr/lib/libgermantok.dylib
0x00007ff823ef9000 	/usr/lib/libThaiTokenizer.dylib
0x00007ff81f01a000 	/System/Library/Frameworks/Accelerate.framework/Versions/A/Frameworks/vImage.framework/Versions/A/vImage
0x00007ff82a4e2000 	/System/Library/Frameworks/Accelerate.framework/Versions/A/Frameworks/vecLib.framework/Versions/A/vecLib
0x00007ff8244f4000 	/System/Library/Frameworks/Accelerate.framework/Versions/A/Frameworks/vecLib.framework/Versions/A/libvMisc.dylib
0x00007ff822d67000 	/System/Library/Frameworks/Accelerate.framework/Versions/A/Frameworks/vecLib.framework/Versions/A/libvDSP.dylib
0x00007ff818471000 	/System/Library/Frameworks/Accelerate.framework/Versions/A/Frameworks/vecLib.framework/Versions/A/libBLAS.dylib
0x00007ff82402f000 	/System/Library/Frameworks/Accelerate.framework/Versions/A/Frameworks/vecLib.framework/Versions/A/libLAPACK.dylib
0x00007ff8232e2000 	/System/Library/Frameworks/Accelerate.framework/Versions/A/Frameworks/vecLib.framework/Versions/A/libLinearAlgebra.dylib
0x00007ff823f36000 	/System/Library/Frameworks/Accelerate.framework/Versions/A/Frameworks/vecLib.framework/Versions/A/libSparseBLAS.dylib
0x00007ff824029000 	/System/Library/Frameworks/Accelerate.framework/Versions/A/Frameworks/vecLib.framework/Versions/A/libQuadrature.dylib
0x00007ff82264e000 	/System/Library/Frameworks/Accelerate.framework/Versions/A/Frameworks/vecLib.framework/Versions/A/libBNNS.dylib
0x00007ff818645000 	/System/Library/Frameworks/Accelerate.framework/Versions/A/Frameworks/vecLib.framework/Versions/A/libSparse.dylib
0x00007ffb1f33c000 	/System/Library/PrivateFrameworks/MIL.framework/Versions/A/MIL
0x00007ff823d07000 	/usr/lib/libiconv.2.dylib
0x00007ff823c5f000 	/usr/lib/libcharset.1.dylib
0x00007ff820247000 	/System/Library/Frameworks/OpenDirectory.framework/Versions/A/Frameworks/CFOpenDirectory.framework/Versions/A/CFOpenDirectory
0x00007ff82023b000 	/System/Library/Frameworks/OpenDirectory.framework/Versions/A/OpenDirectory
0x00007ff824447000 	/System/Library/PrivateFrameworks/APFS.framework/Versions/A/APFS
0x00007ff823195000 	/System/Library/Frameworks/SecurityFoundation.framework/Versions/A/SecurityFoundation
0x00007ff8244c0000 	/usr/lib/libutil.dylib
0x00007ffb1e542000 	/System/Library/PrivateFrameworks/InstalledContentLibrary.framework/Versions/A/InstalledContentLibrary
0x00007ff81ab61000 	/System/Library/PrivateFrameworks/CoreServicesStore.framework/Versions/A/CoreServicesStore
0x00007ffa3577a000 	/System/Library/PrivateFrameworks/AppleMobileFileIntegrity.framework/Versions/A/AppleMobileFileIntegrity
0x00007ff91c450000 	/usr/lib/libmis.dylib
0x00007ff92a91a000 	/System/Library/PrivateFrameworks/MobileSystemServices.framework/Versions/A/MobileSystemServices
0x00007ffa246b5000 	/System/Library/PrivateFrameworks/ConfigProfileHelper.framework/Versions/A/ConfigProfileHelper
0x00007ff823efb000 	/System/Library/PrivateFrameworks/AppleSauce.framework/Versions/A/AppleSauce
0x00007ff8193e2000 	/System/Library/PrivateFrameworks/LanguageModeling.framework/Versions/A/LanguageModeling
0x00007ff8244c4000 	/usr/lib/libxslt.1.dylib
0x00007ff823df9000 	/usr/lib/libcmph.dylib
0x00007ff822f5a000 	/System/Library/PrivateFrameworks/CoreEmoji.framework/Versions/A/CoreEmoji
0x00007ff822648000 	/System/Library/PrivateFrameworks/LinguisticData.framework/Versions/A/LinguisticData
0x00007ff8185fb000 	/System/Library/PrivateFrameworks/Lexicon.framework/Versions/A/Lexicon
0x00007ff823223000 	/System/Library/PrivateFrameworks/BackgroundTaskManagement.framework/Versions/A/BackgroundTaskManagement
0x00007ffb323e0000 	/usr/lib/libTLE.dylib
0x00007ffb33302000 	/usr/lib/swift/libswift_RegexParser.dylib
0x00007ff8252dd000 	/System/Library/PrivateFrameworks/AppleJPEG.framework/Versions/A/AppleJPEG
0x00007ff824a2c000 	/usr/lib/libexpat.1.dylib
0x00007ff825987000 	/System/Library/Frameworks/ImageIO.framework/Versions/A/Resources/libPng.dylib
0x00007ff8259b4000 	/System/Library/Frameworks/ImageIO.framework/Versions/A/Resources/libTIFF.dylib
0x00007ff825aa4000 	/System/Library/Frameworks/ImageIO.framework/Versions/A/Resources/libGIF.dylib
0x00007ff825328000 	/System/Library/Frameworks/ImageIO.framework/Versions/A/Resources/libJP2.dylib
0x00007ff825a44000 	/System/Library/Frameworks/ImageIO.framework/Versions/A/Resources/libJPEG.dylib
0x00007ff825a3b000 	/System/Library/Frameworks/ImageIO.framework/Versions/A/Resources/libRadiance.dylib
0x00007ff82192a000 	/System/Library/PrivateFrameworks/FontServices.framework/libFontParser.dylib
0x00007ff81e105000 	/System/Library/PrivateFrameworks/RunningBoardServices.framework/Versions/A/RunningBoardServices
0x00007ff830700000 	/System/Library/PrivateFrameworks/IOSurfaceAccelerator.framework/Versions/A/IOSurfaceAccelerator
0x00007ff82540f000 	/System/Library/PrivateFrameworks/WatchdogClient.framework/Versions/A/WatchdogClient
0x00007ff819544000 	/System/Library/Frameworks/CoreDisplay.framework/Versions/A/CoreDisplay
0x00007ff82181a000 	/System/Library/Frameworks/CoreMedia.framework/Versions/A/CoreMedia
0x00007ff82161e000 	/System/Library/PrivateFrameworks/IOAccelerator.framework/Versions/A/IOAccelerator
0x00007ff8203c1000 	/System/Library/Frameworks/CoreVideo.framework/Versions/A/CoreVideo
0x00007ff823f49000 	/System/Library/Frameworks/MetalPerformanceShaders.framework/Versions/A/MetalPerformanceShaders
0x00007ff82544c000 	/System/Library/Frameworks/VideoToolbox.framework/Versions/A/VideoToolbox
0x00007ff81e04a000 	/System/Library/PrivateFrameworks/BaseBoard.framework/Versions/A/BaseBoard
0x00007ff825a34000 	/System/Library/PrivateFrameworks/GPUWrangler.framework/Versions/A/GPUWrangler
0x00007ff825a18000 	/System/Library/PrivateFrameworks/IOPresentment.framework/Versions/A/IOPresentment
0x00007ff825a3e000 	/System/Library/PrivateFrameworks/DSExternalDisplay.framework/Versions/A/DSExternalDisplay
0x00007ffb1ac5b000 	/System/Library/PrivateFrameworks/GPUCompiler.framework/Versions/31001/Libraries/libllvm-flatbuffers.dylib
0x00007ffa2cbf7000 	/System/Library/Frameworks/OpenGL.framework/Versions/A/Libraries/libCoreFSCache.dylib
0x00007ffb1ac57000 	/System/Library/PrivateFrameworks/GPUCompiler.framework/Versions/31001/Libraries/libGPUCompilerUtils.dylib
0x00007ff825aaa000 	/System/Library/PrivateFrameworks/CMCaptureCore.framework/Versions/A/CMCaptureCore
0x00007ffa2fde3000 	/System/Library/Frameworks/ExtensionFoundation.framework/Versions/A/ExtensionFoundation
0x00007ff82c4ab000 	/System/Library/PrivateFrameworks/CoreTime.framework/Versions/A/CoreTime
0x00007ff824fe0000 	/System/Library/PrivateFrameworks/AppServerSupport.framework/Versions/A/AppServerSupport
0x00007ff82735d000 	/System/Library/PrivateFrameworks/perfdata.framework/Versions/A/perfdata
0x00007ff819670000 	/System/Library/PrivateFrameworks/AudioToolboxCore.framework/Versions/A/AudioToolboxCore
0x00007ff8217f4000 	/System/Library/PrivateFrameworks/caulk.framework/Versions/A/caulk
0x00007ff826c2f000 	/usr/lib/libAudioStatistics.dylib
0x00007ff91b8f5000 	/System/Library/PrivateFrameworks/SystemPolicy.framework/Versions/A/SystemPolicy
0x00007ff826ec8000 	/usr/lib/libSMC.dylib
0x00007ff82ff6f000 	/System/Library/Frameworks/CoreMIDI.framework/Versions/A/CoreMIDI
0x00007ff825955000 	/usr/lib/libAudioToolboxUtility.dylib
0x00007ff835436000 	/System/Library/PrivateFrameworks/OSAServicesClient.framework/Versions/A/OSAServicesClient
0x00007ff82736a000 	/usr/lib/libperfcheck.dylib
0x00007ff824910000 	/System/Library/PrivateFrameworks/PlugInKit.framework/Versions/A/PlugInKit
0x00007ff823188000 	/System/Library/PrivateFrameworks/AssertionServices.framework/Versions/A/AssertionServices
0x00007ffa2cc52000 	/System/Library/Frameworks/OpenGL.framework/Versions/A/Libraries/libGLU.dylib
0x00007ffa2cc16000 	/System/Library/Frameworks/OpenGL.framework/Versions/A/Libraries/libGFXShared.dylib
0x00007ffa2ce1f000 	/System/Library/Frameworks/OpenGL.framework/Versions/A/Libraries/libGL.dylib
0x00007ffa2cc1f000 	/System/Library/Frameworks/OpenGL.framework/Versions/A/Libraries/libGLImage.dylib
0x00007ffa2cc13000 	/System/Library/Frameworks/OpenGL.framework/Versions/A/Libraries/libCVMSPluginSupport.dylib
0x00007ffb323bf000 	/usr/lib/libRosetta.dylib
0x00007ffa2cbfe000 	/System/Library/Frameworks/OpenGL.framework/Versions/A/Libraries/libCoreVMClient.dylib
0x00007ff8224d9000 	/System/Library/Frameworks/MetalPerformanceShaders.framework/Versions/A/Frameworks/MPSCore.framework/Versions/A/MPSCore
0x00007ff823875000 	/System/Library/Frameworks/MetalPerformanceShaders.framework/Versions/A/Frameworks/MPSImage.framework/Versions/A/MPSImage
0x00007ff8232f8000 	/System/Library/Frameworks/MetalPerformanceShaders.framework/Versions/A/Frameworks/MPSNeuralNetwork.framework/Versions/A/MPSNeuralNetwork
0x00007ff82376b000 	/System/Library/Frameworks/MetalPerformanceShaders.framework/Versions/A/Frameworks/MPSMatrix.framework/Versions/A/MPSMatrix
0x00007ff823526000 	/System/Library/Frameworks/MetalPerformanceShaders.framework/Versions/A/Frameworks/MPSRayIntersector.framework/Versions/A/MPSRayIntersector
0x00007ff8237a6000 	/System/Library/Frameworks/MetalPerformanceShaders.framework/Versions/A/Frameworks/MPSNDArray.framework/Versions/A/MPSNDArray
0x00007ffa31134000 	/System/Library/Frameworks/MetalPerformanceShaders.framework/Versions/A/Frameworks/MPSFunctions.framework/Versions/A/MPSFunctions
0x00007ff818332000 	/System/Library/PrivateFrameworks/MetalTools.framework/Versions/A/MetalTools
0x00007ff82255a000 	/System/Library/PrivateFrameworks/AggregateDictionary.framework/Versions/A/AggregateDictionary
0x00007ff8247ca000 	/usr/lib/libIOReport.dylib
0x00007ffa2d8e6000 	/System/Library/Frameworks/OpenCL.framework/Versions/A/OpenCL
0x00007ff824b72000 	/System/Library/PrivateFrameworks/GraphVisualizer.framework/Versions/A/GraphVisualizer
0x00007ffb1ab5c000 	/System/Library/PrivateFrameworks/FontServices.framework/Versions/A/FontServices
0x00007ff824f9b000 	/System/Library/PrivateFrameworks/OTSVG.framework/Versions/A/OTSVG
0x00007ff81ff8b000 	/System/Library/Frameworks/ApplicationServices.framework/Versions/A/Frameworks/ATS.framework/Versions/A/Resources/libFontRegistry.dylib
0x00007ff824fea000 	/System/Library/PrivateFrameworks/FontServices.framework/libhvf.dylib
0x00007ffb1ab5d000 	/System/Library/PrivateFrameworks/FontServices.framework/libXTFontStaticRegistryData.dylib
0x00007ffb2b9de000 	/System/Library/PrivateFrameworks/VideoToolboxParavirtualizationSupport.framework/Versions/A/VideoToolboxParavirtualizationSupport
0x00007ff8249dc000 	/System/Library/PrivateFrameworks/AppleVA.framework/Versions/A/AppleVA
0x00007ff826c6b000 	/System/Library/Frameworks/ApplicationServices.framework/Versions/A/Frameworks/ATS.framework/Versions/A/ATS
0x00007ff81d4bb000 	/System/Library/Frameworks/ApplicationServices.framework/Versions/A/Frameworks/HIServices.framework/Versions/A/HIServices
0x00007ff825ab6000 	/System/Library/Frameworks/ApplicationServices.framework/Versions/A/Frameworks/PrintCore.framework/Versions/A/PrintCore
0x00007ff82701d000 	/System/Library/Frameworks/ApplicationServices.framework/Versions/A/Frameworks/QD.framework/Versions/A/QD
0x00007ff827015000 	/System/Library/Frameworks/ApplicationServices.framework/Versions/A/Frameworks/ColorSyncLegacy.framework/Versions/A/ColorSyncLegacy
0x00007ff826c43000 	/System/Library/Frameworks/ApplicationServices.framework/Versions/A/Frameworks/SpeechSynthesis.framework/Versions/A/SpeechSynthesis
0x00007ff825a74000 	/System/Library/Frameworks/ApplicationServices.framework/Versions/A/Frameworks/ATSUI.framework/Versions/A/ATSUI
0x00007ff826fa8000 	/usr/lib/libcups.2.dylib
0x00007ff827379000 	/System/Library/Frameworks/Kerberos.framework/Versions/A/Kerberos
0x00007ff827388000 	/System/Library/Frameworks/GSS.framework/Versions/A/GSS
0x00007ff826cd9000 	/usr/lib/libresolv.9.dylib
0x00007ff824ffb000 	/System/Library/PrivateFrameworks/Heimdal.framework/Versions/A/Heimdal
0x00007ff82e0a4000 	/System/Library/Frameworks/Kerberos.framework/Versions/A/Libraries/libHeimdalProxy.dylib
0x00007ff8273d3000 	/System/Library/PrivateFrameworks/CommonAuth.framework/Versions/A/CommonAuth
0x00007ffa2f0c3000 	/System/Library/Frameworks/AVFAudio.framework/Versions/A/AVFAudio
0x00007ff83547f000 	/System/Library/PrivateFrameworks/AXCoreUtilities.framework/Versions/A/AXCoreUtilities
0x00007ff826bbf000 	/System/Library/PrivateFrameworks/AudioSession.framework/Versions/A/AudioSession
0x00007ff8281a0000 	/System/Library/Frameworks/IOBluetooth.framework/Versions/A/IOBluetooth
0x00007ff824ae2000 	/System/Library/PrivateFrameworks/MediaExperience.framework/Versions/A/MediaExperience
0x00007ff826a67000 	/System/Library/PrivateFrameworks/AudioSession.framework/libSessionUtility.dylib
0x00007ff827029000 	/System/Library/PrivateFrameworks/AudioResourceArbitration.framework/Versions/A/AudioResourceArbitration
0x00007ff82b0ef000 	/System/Library/PrivateFrameworks/PowerLog.framework/Versions/A/PowerLog
0x00007ff82b031000 	/System/Library/Frameworks/CoreBluetooth.framework/Versions/A/CoreBluetooth
0x00007ff82e0a5000 	/System/Library/Frameworks/AudioUnit.framework/Versions/A/AudioUnit
0x00007ff822ff3000 	/System/Library/PrivateFrameworks/CoreUtils.framework/Versions/A/CoreUtils
0x00007ffb19731000 	/System/Library/PrivateFrameworks/CoreUtilsExtras.framework/Versions/A/CoreUtilsExtras
0x00007ffb1e3d9000 	/System/Library/PrivateFrameworks/IO80211.framework/Versions/A/IO80211
0x00007ff824a50000 	/System/Library/PrivateFrameworks/IconFoundation.framework/Versions/A/IconFoundation
0x00007ff82a106000 	/System/Library/PrivateFrameworks/SpeechRecognitionCore.framework/Versions/A/SpeechRecognitionCore
0x000000010bc90000 	/Users/tino/Library/Java/JavaVirtualMachines/openjdk-17.0.1/Contents/Home/lib/server/libjvm.dylib
0x000000010ac73000 	/Users/tino/Library/Java/JavaVirtualMachines/openjdk-17.0.1/Contents/Home/lib/libjimage.dylib
0x000000010ac92000 	/Users/tino/Library/Java/JavaVirtualMachines/openjdk-17.0.1/Contents/Home/lib/libinstrument.dylib
0x000000010ace8000 	/Users/tino/Library/Java/JavaVirtualMachines/openjdk-17.0.1/Contents/Home/lib/libjava.dylib
0x000000012d140000 	/Users/tino/Library/Java/JavaVirtualMachines/openjdk-17.0.1/Contents/Home/lib/libnio.dylib
0x000000012d179000 	/Users/tino/Library/Java/JavaVirtualMachines/openjdk-17.0.1/Contents/Home/lib/libnet.dylib
0x000000012d1eb000 	/Users/tino/Library/Java/JavaVirtualMachines/openjdk-17.0.1/Contents/Home/lib/libzip.dylib
0x000000012d459000 	/Users/tino/.openjfx/cache/17.0.1/libprism_es2.dylib
0x00007ffa2ce2a000 	/System/Library/Frameworks/OpenGL.framework/Versions/A/Resources/GLEngine.bundle/GLEngine
0x00007ffa2cc90000 	/System/Library/Frameworks/OpenGL.framework/Versions/A/Libraries/libGLProgrammability.dylib
0x000000012d6a2000 	/System/Library/Extensions/AppleMetalOpenGLRenderer.bundle/Contents/MacOS/AppleMetalOpenGLRenderer
0x00007ffa2cfb4000 	/System/Library/Frameworks/OpenGL.framework/Versions/A/Resources/GLRendererFloat.bundle/GLRendererFloat
0x00007ffa2df18000 	/System/Library/Extensions/AGXMetal13_3.bundle/Contents/MacOS/AGXMetal13_3
0x00007ff91c463000 	/System/Library/PrivateFrameworks/GPURawCounter.framework/Versions/A/GPURawCounter
0x00007ff83452a000 	/System/Library/PrivateFrameworks/IOGPU.framework/Versions/A/IOGPU
0x000000012d978000 	/Users/tino/.openjfx/cache/17.0.1/libglass.dylib
0x00007ff82b6e1000 	/System/Library/Frameworks/FileProvider.framework/Versions/A/FileProvider
0x00007ff81dfb5000 	/System/Library/Frameworks/Accounts.framework/Versions/A/Accounts
0x00007ff820450000 	/System/Library/PrivateFrameworks/UserManagement.framework/Versions/A/UserManagement
0x00007ff82b86a000 	/System/Library/PrivateFrameworks/GenerationalStorage.framework/Versions/A/GenerationalStorage
0x00007ff82c3da000 	/System/Library/PrivateFrameworks/CoreSymbolication.framework/Versions/A/CoreSymbolication
0x00007ff82b0e4000 	/System/Library/PrivateFrameworks/SymptomDiagnosticReporter.framework/Versions/A/SymptomDiagnosticReporter
0x00007ff81bea3000 	/System/Library/PrivateFrameworks/DesktopServicesPriv.framework/Versions/A/DesktopServicesPriv
0x00007ff81ac6b000 	/usr/lib/libsandbox.1.dylib
0x00007ff82c39f000 	/System/Library/PrivateFrameworks/DebugSymbols.framework/Versions/A/DebugSymbols
0x00007ff82700a000 	/System/Library/PrivateFrameworks/NetAuth.framework/Versions/A/NetAuth
0x00007ff828024000 	/System/Library/PrivateFrameworks/Sharing.framework/Versions/A/Sharing
0x00007ff820416000 	/System/Library/PrivateFrameworks/login.framework/Versions/A/Frameworks/loginsupport.framework/Versions/A/loginsupport
0x00007ff82d5d5000 	/System/Library/PrivateFrameworks/Apple80211.framework/Versions/A/Apple80211
0x00007ff82395e000 	/System/Library/PrivateFrameworks/AuthKit.framework/Versions/A/AuthKit
0x00007ff822f79000 	/System/Library/Frameworks/CoreWLAN.framework/Versions/A/CoreWLAN
0x00007ff82d5d9000 	/System/Library/PrivateFrameworks/CoreWiFi.framework/Versions/A/CoreWiFi
0x00007ffa1e830000 	/System/Library/PrivateFrameworks/WiFiPeerToPeer.framework/Versions/A/WiFiPeerToPeer
0x00007ff82bf4c000 	/System/Library/PrivateFrameworks/FrontBoardServices.framework/Versions/A/FrontBoardServices
0x00007ff82bfe3000 	/System/Library/PrivateFrameworks/BoardServices.framework/Versions/A/BoardServices
0x00007ff82d737000 	/System/Library/PrivateFrameworks/BackBoardServices.framework/Versions/A/BackBoardServices
0x00007ff823ac4000 	/System/Library/Frameworks/UserNotifications.framework/Versions/A/UserNotifications
0x00007ff8274c7000 	/System/Library/PrivateFrameworks/CorePhoneNumbers.framework/Versions/A/CorePhoneNumbers
0x00007ff826d06000 	/System/Library/PrivateFrameworks/MultiverseSupport.framework/Versions/A/MultiverseSupport
0x00007ff82d9b2000 	/System/Library/PrivateFrameworks/RemoteServiceDiscovery.framework/Versions/A/RemoteServiceDiscovery
0x00007ff82b202000 	/System/Library/PrivateFrameworks/DiskManagement.framework/Versions/A/DiskManagement
0x00007ff82b116000 	/System/Library/PrivateFrameworks/AppleIDAuthSupport.framework/Versions/A/AppleIDAuthSupport
0x00007ffa33bd4000 	/System/Library/PrivateFrameworks/AAAFoundation.framework/Versions/A/AAAFoundation
0x00007ff8274a0000 	/System/Library/PrivateFrameworks/KeychainCircle.framework/Versions/A/KeychainCircle
0x00007ff82d9c2000 	/System/Library/PrivateFrameworks/RemoteXPC.framework/Versions/A/RemoteXPC
0x00007ff82b1ce000 	/System/Library/PrivateFrameworks/MediaKit.framework/Versions/A/MediaKit
0x00007ff82b122000 	/System/Library/Frameworks/DiscRecording.framework/Versions/A/DiscRecording
0x00007ff824954000 	/usr/lib/libCoreStorage.dylib
0x00007ff82da2d000 	/usr/lib/libcsfde.dylib
0x00007ff828271000 	/System/Library/PrivateFrameworks/ProtectedCloudStorage.framework/Versions/A/ProtectedCloudStorage
0x00007ff82da29000 	/System/Library/PrivateFrameworks/EFILogin.framework/Versions/A/EFILogin
0x00007ff82b890000 	/System/Library/PrivateFrameworks/OctagonTrust.framework/Versions/A/OctagonTrust
0x00007ff82494c000 	/usr/lib/libMatch.1.dylib
0x00007ff921030000 	/System/Library/Frameworks/Accelerate.framework/Versions/A/Frameworks/vImage.framework/Versions/A/Libraries/libCGInterfaces.dylib
0x000000012f4c0000 	/usr/lib/libobjc-trampolines.dylib
0x00007ffb3217b000 	/usr/lib/libAccessibilityBaseImplementations.dylib
0x00007ff82012f000 	/System/Library/PrivateFrameworks/ViewBridge.framework/Versions/A/ViewBridge
0x0000000131183000 	/Users/tino/.openjfx/cache/17.0.1/libjavafx_font.dylib
0x00007ff8250b2000 	/System/Library/PrivateFrameworks/login.framework/Versions/A/login
0x00007ffa34441000 	/System/Library/PrivateFrameworks/AccessibilityBundles.framework/Versions/A/AccessibilityBundles
0x00007ff83549e000 	/usr/lib/libAccessibility.dylib
0x00007ff82a800000 	/System/Library/Frameworks/MediaAccessibility.framework/Versions/A/MediaAccessibility
0x00007ff82a834000 	/System/Library/PrivateFrameworks/SystemAdministration.framework/Versions/A/SystemAdministration
0x00007ff825ced000 	/System/Library/Frameworks/MediaToolbox.framework/Versions/A/MediaToolbox
0x00007ff82a0d2000 	/System/Library/Frameworks/DirectoryService.framework/Versions/A/DirectoryService
0x00007ff82d8ca000 	/System/Library/PrivateFrameworks/DiskImages.framework/Versions/A/DiskImages
0x00007ff823244000 	/System/Library/Frameworks/ServiceManagement.framework/Versions/A/ServiceManagement
0x00007ff82daaa000 	/System/Library/PrivateFrameworks/LoginUIKit.framework/Versions/A/Frameworks/LoginUICore.framework/Versions/A/LoginUICore
0x00007ff82526d000 	/usr/lib/libodfde.dylib
0x00007ff82b6b1000 	/System/Library/PrivateFrameworks/CoreAVCHD.framework/Versions/A/CoreAVCHD
0x00007ff82b6ad000 	/System/Library/PrivateFrameworks/Mangrove.framework/Versions/A/Mangrove
0x00007ffa36260000 	/System/Library/PrivateFrameworks/CMPhoto.framework/Versions/A/CMPhoto
0x00007ff82c273000 	/System/Library/PrivateFrameworks/AppleVPA.framework/Versions/A/AppleVPA
0x00007ff82b2f2000 	/System/Library/PrivateFrameworks/CoreAUC.framework/Versions/A/CoreAUC
0x00007ff82da39000 	/usr/lib/libcurl.4.dylib
0x00007ffb3285b000 	/usr/lib/libcrypto.46.dylib
0x00007ffb32eca000 	/usr/lib/libssl.48.dylib
0x00007ff82d758000 	/System/Library/Frameworks/LDAP.framework/Versions/A/LDAP
0x00007ff82d794000 	/System/Library/PrivateFrameworks/TrustEvaluationAgent.framework/Versions/A/TrustEvaluationAgent
0x00007ff826cf2000 	/usr/lib/libsasl2.2.dylib


VM Arguments:
jvm_args: -Djava.library.path=/Users/tino/javafx-sdk-19/lib -javaagent:/Applications/IntelliJ IDEA.app/Contents/lib/idea_rt.jar=55468:/Applications/IntelliJ IDEA.app/Contents/bin -Dfile.encoding=UTF-8 --module-path=/Users/tino/.m2/repository/org/openjfx/javafx-controls/17.0.1/javafx-controls-17.0.1-mac.jar:/Users/tino/.m2/repository/org/openjfx/javafx-base/17.0.1/javafx-base-17.0.1-mac.jar:/Users/tino/Local Files/demo2/target/classes:/Users/tino/.m2/repository/org/openjfx/javafx-fxml/17.0.1/javafx-fxml-17.0.1-mac.jar:/Users/tino/.m2/repository/org/openjfx/javafx-graphics/17.0.1/javafx-graphics-17.0.1-mac.jar -Djdk.module.main=com.example.demo2 
java_command: com.example.demo2/com.example.demo2.myMandelbrot
java_class_path (initial): /Users/tino/.m2/repository/org/openjfx/javafx-controls/17.0.1/javafx-controls-17.0.1.jar:/Users/tino/.m2/repository/org/openjfx/javafx-graphics/17.0.1/javafx-graphics-17.0.1.jar:/Users/tino/.m2/repository/org/openjfx/javafx-base/17.0.1/javafx-base-17.0.1.jar:/Users/tino/.m2/repository/org/openjfx/javafx-fxml/17.0.1/javafx-fxml-17.0.1.jar
Launcher Type: SUN_STANDARD

[Global flags]
     intx CICompilerCount                          = 4                                         {product} {ergonomic}
     uint ConcGCThreads                            = 2                                         {product} {ergonomic}
     uint G1ConcRefinementThreads                  = 8                                         {product} {ergonomic}
   size_t G1HeapRegionSize                         = 1048576                                   {product} {ergonomic}
    uintx GCDrainStackTargetSize                   = 64                                        {product} {ergonomic}
   size_t InitialHeapSize                          = 134217728                                 {product} {ergonomic}
   size_t MarkStackSize                            = 4194304                                   {product} {ergonomic}
   size_t MaxHeapSize                              = 2147483648                                {product} {ergonomic}
   size_t MaxNewSize                               = 1287651328                                {product} {ergonomic}
   size_t MinHeapDeltaBytes                        = 1048576                                   {product} {ergonomic}
   size_t MinHeapSize                              = 8388608                                   {product} {ergonomic}
    uintx NonNMethodCodeHeapSize                   = 5839372                                {pd product} {ergonomic}
    uintx NonProfiledCodeHeapSize                  = 122909434                              {pd product} {ergonomic}
    uintx ProfiledCodeHeapSize                     = 122909434                              {pd product} {ergonomic}
    uintx ReservedCodeCacheSize                    = 251658240                              {pd product} {ergonomic}
     bool SegmentedCodeCache                       = true                                      {product} {ergonomic}
   size_t SoftMaxHeapSize                          = 2147483648                             {manageable} {ergonomic}
     bool UseCompressedClassPointers               = true                           {product lp64_product} {ergonomic}
     bool UseCompressedOops                        = true                           {product lp64_product} {ergonomic}
     bool UseG1GC                                  = true                                      {product} {ergonomic}
     bool UseNUMA                                  = false                                     {product} {ergonomic}
     bool UseNUMAInterleaving                      = false                                     {product} {ergonomic}

Logging:
Log output configuration:
 #0: stdout all=warning uptime,level,tags
 #1: stderr all=off uptime,level,tags

Environment Variables:
PATH=/Users/tino/.opam/default/bin:/Library/Frameworks/Python.framework/Versions/3.10/bin:/opt/homebrew/bin:/opt/homebrew/sbin:/usr/local/bin:/System/Cryptexes/App/usr/bin:/usr/bin:/bin:/usr/sbin:/sbin:/Library/Apple/usr/bin
SHELL=/bin/zsh
LC_CTYPE=en_US.UTF-8

Signal Handlers:
   SIGSEGV: crash_handler in libjvm.dylib, mask=11100110100111111111111111111111, flags=SA_RESTART|SA_SIGINFO
    SIGBUS: crash_handler in libjvm.dylib, mask=11100110100111111111111111111111, flags=SA_RESTART|SA_SIGINFO
    SIGFPE: crash_handler in libjvm.dylib, mask=11100110100111111111111111111111, flags=SA_RESTART|SA_SIGINFO
   SIGPIPE: javaSignalHandler in libjvm.dylib, mask=11100110100111111111111111111111, flags=SA_RESTART|SA_SIGINFO
   SIGXFSZ: javaSignalHandler in libjvm.dylib, mask=11100110100111111111111111111111, flags=SA_RESTART|SA_SIGINFO
    SIGILL: crash_handler in libjvm.dylib, mask=11100110100111111111111111111111, flags=SA_RESTART|SA_SIGINFO
   SIGUSR2: SR_handler in libjvm.dylib, mask=00100000000000000000000000000000, flags=SA_RESTART|SA_SIGINFO
    SIGHUP: UserHandler in libjvm.dylib, mask=11100110100111111111111111111111, flags=SA_RESTART|SA_SIGINFO
    SIGINT: UserHandler in libjvm.dylib, mask=11100110100111111111111111111111, flags=SA_RESTART|SA_SIGINFO
   SIGTERM: UserHandler in libjvm.dylib, mask=11100110100111111111111111111111, flags=SA_RESTART|SA_SIGINFO
   SIGQUIT: UserHandler in libjvm.dylib, mask=11100110100111111111111111111111, flags=SA_RESTART|SA_SIGINFO
   SIGTRAP: crash_handler in libjvm.dylib, mask=11100110100111111111111111111111, flags=SA_RESTART|SA_SIGINFO


---------------  S Y S T E M  ---------------

OS:
uname: Darwin 22.1.0 Darwin Kernel Version 22.1.0: Sun Oct  9 20:14:30 PDT 2022; root:xnu-8792.41.9~2/RELEASE_ARM64_T8103 x86_64
OS uptime: 2 days 7:23 hours
rlimit (soft/hard): STACK 8176k/65520k , CORE 0k/infinity , NPROC 1333/2000 , NOFILE 10240/infinity , AS infinity/infinity , CPU infinity/infinity , DATA infinity/infinity , FSIZE infinity/infinity , MEMLOCK infinity/infinity , RSS infinity/infinity
load average: 1.88 1.75 1.60

CPU: (EMULATED) total 8 (initial active 8) (1 cores per cpu, 1 threads per core) family 6 model 44 stepping 0 microcode 0x0, cx8, cmov, fxsr, mmx, sse, sse2, sse3, ssse3, sse4.1, sse4.2, popcnt, tsc, tscinvbit, aes, clmul, clflush

Memory: 4k page, physical 8388608k(28168k free), swap 1048576k(636480k free)

vm_info: OpenJDK 64-Bit Server VM (17.0.1+12-39) for bsd-amd64 JRE (17.0.1+12-39), built on Sep 27 2021 17:37:19 by "mach5one" with clang Apple LLVM 12.0.0 (clang-1200.0.32.29)

END.
